2025-06-10 15:03:16,270 [INFO] root: Logging configuration successfully loaded.
2025-06-10 15:03:53,702 [INFO] vcham.vcham_system: Total symmetry irrep: A'
2025-06-10 15:03:53,704 [INFO] vcham.vcham_system: Symmetry matrix successfully created.
2025-06-10 15:03:53,704 [INFO] vcham.vcham_system: Computed vertical energy shifts: [1.08275176e-11 5.65868614e+00]
2025-06-10 15:03:55,151 [INFO] vcham.lvc: 

----- Initializing LVC Hamiltonian Builder -----
2025-06-10 15:03:55,151 [INFO] vcham.lvc: Normal mode: 0
2025-06-10 15:03:55,168 [INFO] vcham.lvc: JT off-diagonal pairs: []
2025-06-10 15:03:55,169 [INFO] vcham.lvc: n_var_list (non-JT): [3, 3]
2025-06-10 15:03:55,172 [INFO] vcham.lvc: Total parameters to optimize: 6
2025-06-10 15:03:55,173 [INFO] vcham.lvc: Optimizing mode 0...
2025-06-10 15:03:56,048 [INFO] vcham.lvc: Step 0, Loss: 437.938171
2025-06-10 15:03:56,092 [INFO] vcham.lvc: Step 100, Loss: 104.772614
2025-06-10 15:03:56,121 [INFO] vcham.lvc: Step 200, Loss: 23.677525
2025-06-10 15:03:56,150 [INFO] vcham.lvc: Step 300, Loss: 3.879044
2025-06-10 15:03:56,180 [INFO] vcham.lvc: Step 400, Loss: 0.130279
2025-06-10 15:03:56,212 [INFO] vcham.lvc: Step 500, Loss: 0.098261
2025-06-10 15:03:56,245 [INFO] vcham.lvc: Step 600, Loss: 0.079562
2025-06-10 15:03:56,277 [INFO] vcham.lvc: Step 700, Loss: 0.066586
2025-06-10 15:03:56,309 [INFO] vcham.lvc: Step 800, Loss: 0.056806
2025-06-10 15:03:56,342 [INFO] vcham.lvc: Step 900, Loss: 0.049139
2025-06-10 15:03:56,373 [INFO] vcham.lvc: Step 1000, Loss: 0.042984
2025-06-10 15:03:56,405 [INFO] vcham.lvc: Step 1100, Loss: 0.037962
2025-06-10 15:03:56,436 [INFO] vcham.lvc: Step 1200, Loss: 0.033818
2025-06-10 15:03:56,466 [INFO] vcham.lvc: Step 1300, Loss: 0.030365
2025-06-10 15:03:56,496 [INFO] vcham.lvc: Step 1400, Loss: 0.027463
2025-06-10 15:03:56,527 [INFO] vcham.lvc: Step 1500, Loss: 0.025006
2025-06-10 15:03:56,558 [INFO] vcham.lvc: Step 1600, Loss: 0.022907
2025-06-10 15:03:56,590 [INFO] vcham.lvc: Step 1700, Loss: 0.021100
2025-06-10 15:03:56,623 [INFO] vcham.lvc: Step 1800, Loss: 0.019530
2025-06-10 15:03:56,656 [INFO] vcham.lvc: Step 1900, Loss: 0.018154
2025-06-10 15:03:56,691 [INFO] vcham.lvc: Step 2000, Loss: 0.016935
2025-06-10 15:03:56,724 [INFO] vcham.lvc: Step 2100, Loss: 0.015847
2025-06-10 15:03:56,756 [INFO] vcham.lvc: Step 2200, Loss: 0.014866
2025-06-10 15:03:56,788 [INFO] vcham.lvc: Step 2300, Loss: 0.013974
2025-06-10 15:03:56,820 [INFO] vcham.lvc: Step 2400, Loss: 0.013156
2025-06-10 15:03:56,937 [INFO] vcham.lvc: Step 2500, Loss: 0.012403
2025-06-10 15:03:56,969 [INFO] vcham.lvc: Step 2600, Loss: 0.011704
2025-06-10 15:03:56,999 [INFO] vcham.lvc: Step 2700, Loss: 0.011053
2025-06-10 15:03:57,029 [INFO] vcham.lvc: Step 2800, Loss: 0.010446
2025-06-10 15:03:57,058 [INFO] vcham.lvc: Step 2900, Loss: 0.009877
2025-06-10 15:03:57,088 [INFO] vcham.lvc: Step 3000, Loss: 0.009343
2025-06-10 15:03:57,117 [INFO] vcham.lvc: Step 3100, Loss: 0.008843
2025-06-10 15:03:57,148 [INFO] vcham.lvc: Step 3200, Loss: 0.008374
2025-06-10 15:03:57,177 [INFO] vcham.lvc: Step 3300, Loss: 0.007934
2025-06-10 15:03:57,207 [INFO] vcham.lvc: Step 3400, Loss: 0.007523
2025-06-10 15:03:57,236 [INFO] vcham.lvc: Step 3500, Loss: 0.007138
2025-06-10 15:03:57,265 [INFO] vcham.lvc: Step 3600, Loss: 0.006779
2025-06-10 15:03:57,295 [INFO] vcham.lvc: Step 3700, Loss: 0.006444
2025-06-10 15:03:57,324 [INFO] vcham.lvc: Step 3800, Loss: 0.006133
2025-06-10 15:03:57,354 [INFO] vcham.lvc: Step 3900, Loss: 0.005844
2025-06-10 15:03:57,383 [INFO] vcham.lvc: Step 4000, Loss: 0.005577
2025-06-10 15:03:57,413 [INFO] vcham.lvc: Step 4100, Loss: 0.005329
2025-06-10 15:03:57,446 [INFO] vcham.lvc: Step 4200, Loss: 0.005101
2025-06-10 15:03:57,480 [INFO] vcham.lvc: Step 4300, Loss: 0.004892
2025-06-10 15:03:57,512 [INFO] vcham.lvc: Step 4400, Loss: 0.004708
2025-06-10 15:03:57,547 [INFO] vcham.lvc: Step 4500, Loss: 0.004522
2025-06-10 15:03:57,580 [INFO] vcham.lvc: Step 4600, Loss: 0.004362
2025-06-10 15:03:57,612 [INFO] vcham.lvc: Step 4700, Loss: 0.004214
2025-06-10 15:03:57,643 [INFO] vcham.lvc: Step 4800, Loss: 0.004081
2025-06-10 15:03:57,674 [INFO] vcham.lvc: Step 4900, Loss: 0.003958
2025-06-10 15:03:57,706 [INFO] vcham.lvc: Step 5000, Loss: 0.003851
2025-06-10 15:03:57,736 [INFO] vcham.lvc: Step 5100, Loss: 0.003749
2025-06-10 15:03:57,765 [INFO] vcham.lvc: Step 5200, Loss: 0.003659
2025-06-10 15:03:57,795 [INFO] vcham.lvc: Step 5300, Loss: 0.003579
2025-06-10 15:03:57,824 [INFO] vcham.lvc: Step 5400, Loss: 0.003508
2025-06-10 15:03:57,854 [INFO] vcham.lvc: Step 5500, Loss: 0.003444
2025-06-10 15:03:57,882 [INFO] vcham.lvc: Step 5600, Loss: 0.003388
2025-06-10 15:03:57,959 [INFO] vcham.lvc: Step 5700, Loss: 0.003335
2025-06-10 15:03:57,997 [INFO] vcham.lvc: Step 5800, Loss: 0.003292
2025-06-10 15:03:58,027 [INFO] vcham.lvc: Step 5900, Loss: 0.003253
2025-06-10 15:03:58,056 [INFO] vcham.lvc: Step 6000, Loss: 0.003220
2025-06-10 15:03:58,085 [INFO] vcham.lvc: Step 6100, Loss: 0.003190
2025-06-10 15:03:58,114 [INFO] vcham.lvc: Step 6200, Loss: 0.003169
2025-06-10 15:03:58,143 [INFO] vcham.lvc: Step 6300, Loss: 0.003144
2025-06-10 15:03:58,172 [INFO] vcham.lvc: Step 6400, Loss: 0.003126
2025-06-10 15:03:58,201 [INFO] vcham.lvc: Step 6500, Loss: 0.003114
2025-06-10 15:03:58,230 [INFO] vcham.lvc: Step 6600, Loss: 0.003099
2025-06-10 15:03:58,259 [INFO] vcham.lvc: Step 6700, Loss: 0.003092
2025-06-10 15:03:58,288 [INFO] vcham.lvc: Step 6800, Loss: 0.003081
2025-06-10 15:03:58,317 [INFO] vcham.lvc: Step 6900, Loss: 0.003075
2025-06-10 15:03:58,496 [INFO] vcham.lvc: Final loss: 0.003072
2025-06-10 15:03:58,496 [INFO] vcham.lvc: Optimization completed in 3.17 seconds.
2025-06-10 15:04:11,979 [INFO] vcham.vcham_system: Reference geometry updated.
2025-06-10 15:04:26,989 [INFO] vcham.vcham_system: Dipole matrix updated.
2025-06-10 15:04:26,993 [INFO] vcham.utils: Warning: Overwriting existing file model_sigma_plus.json
2025-06-10 15:04:26,994 [INFO] vcham.utils: Data successfully saved to model_sigma_plus.json
2025-06-10 15:04:26,995 [INFO] vcham.utils: No interactions found.
2025-06-10 15:04:26,995 [INFO] vcham.utils: MCTDH operator file successfully written to: model_sigma_plus.op
2025-06-10 15:04:26,996 [INFO] vcham.utils: Units are in Bohr for the CM and degrees for the Euler Angles.
2025-06-10 15:04:26,996 [INFO] vcham.utils: Initialized Molecule 0 with CM: [0. 0. 0.] and Euler angles (degrees) -  χ: 0.0, θ: 0.0, φ: 0.0
2025-06-10 15:04:26,997 [INFO] vcham.utils: Units are in Bohr for the CM and degrees for the Euler Angles.
2025-06-10 15:04:26,999 [INFO] vcham.utils: Initialized Molecule 1 with CM: [ 0.  0. 20.] and Euler angles (degrees) -  χ: 0.0, θ: 0.0, φ: 0.0
2025-06-10 15:04:27,001 [INFO] vcham.utils: Reading 2 JSON files and merging them.
2025-06-10 15:04:27,003 [INFO] vcham.utils: 
Molecule 0 new geometry in the fixed lab frame: 
[[ 0.   0.  -0.5]
 [ 0.   0.   0.5]] 

2025-06-10 15:04:27,004 [INFO] vcham.utils: 
Molecule 1 new geometry in the fixed lab frame: 
[[ 0.   0.  -0.5]
 [ 0.   0.   0.5]] 

2025-06-10 15:04:27,004 [INFO] vcham.utils: Calculating dipole interaction for pair Molecule0 - Molecule1

2025-06-10 15:04:27,005 [INFO] vcham.utils: Warning: Overwriting existing file 2mol_model_sigma_plus.json
2025-06-10 15:04:27,007 [INFO] vcham.utils: Data successfully saved to 2mol_model_sigma_plus.json
2025-06-10 15:04:27,008 [INFO] vcham.utils: Interactions found!
2025-06-10 15:04:27,009 [INFO] vcham.utils: Dipole interactions found!
2025-06-10 15:04:27,009 [INFO] vcham.utils: MCTDH operator file successfully written to: 2mol_model_sigma_plus.op
2025-06-10 15:05:21,790 [INFO] vcham.vcham_system: Dipole matrix updated.
2025-06-10 15:05:21,793 [INFO] vcham.utils: Warning: Overwriting existing file model_pi.json
2025-06-10 15:05:21,795 [INFO] vcham.utils: Data successfully saved to model_pi.json
2025-06-10 15:05:21,796 [INFO] vcham.utils: No interactions found.
2025-06-10 15:05:21,797 [INFO] vcham.utils: MCTDH operator file successfully written to: model_pi.op
2025-06-10 15:05:21,798 [INFO] vcham.utils: Units are in Bohr for the CM and degrees for the Euler Angles.
2025-06-10 15:05:21,798 [INFO] vcham.utils: Initialized Molecule 0 with CM: [0. 0. 0.] and Euler angles (degrees) -  χ: -0.7853981633974483, θ: 0.0, φ: 0.0
2025-06-10 15:05:21,799 [INFO] vcham.utils: Units are in Bohr for the CM and degrees for the Euler Angles.
2025-06-10 15:05:21,800 [INFO] vcham.utils: Initialized Molecule 1 with CM: [ 0.  0. 10.] and Euler angles (degrees) -  χ: 0.7853981633974483, θ: 0.0, φ: 0.0
2025-06-10 15:05:21,801 [INFO] vcham.utils: Reading 2 JSON files and merging them.
2025-06-10 15:05:21,802 [INFO] vcham.utils: 
Molecule 0 new geometry in the fixed lab frame: 
[[ 0.   0.  -0.5]
 [ 0.   0.   0.5]] 

2025-06-10 15:05:21,803 [INFO] vcham.utils: 
Molecule 1 new geometry in the fixed lab frame: 
[[ 0.   0.  -0.5]
 [ 0.   0.   0.5]] 

2025-06-10 15:05:21,803 [INFO] vcham.utils: Calculating dipole interaction for pair Molecule0 - Molecule1

2025-06-10 15:05:21,804 [INFO] vcham.utils: Warning: Overwriting existing file 2mol_model_pi.json
2025-06-10 15:05:21,805 [INFO] vcham.utils: Data successfully saved to 2mol_model_pi.json
2025-06-10 15:05:21,807 [INFO] vcham.utils: Interactions found!
2025-06-10 15:05:21,807 [INFO] vcham.utils: Dipole interactions found!
2025-06-10 15:05:21,808 [INFO] vcham.utils: MCTDH operator file successfully written to: 2mol_model_pi.op
2025-06-12 14:10:16,166 [INFO] root: Logging configuration successfully loaded.
2025-06-12 14:30:02,033 [INFO] vcham.vcham_system: Total symmetry irrep: A'
2025-06-12 14:30:02,036 [INFO] vcham.vcham_system: Symmetry matrix successfully created.
2025-06-12 14:30:02,037 [INFO] vcham.vcham_system: Computed vertical energy shifts: [1.08275176e-11 5.65868614e+00]
2025-06-12 14:30:20,244 [INFO] vcham.lvc: 

----- Initializing LVC Hamiltonian Builder -----
2025-06-12 14:30:20,245 [INFO] vcham.lvc: Normal mode: 0
2025-06-12 14:30:20,254 [INFO] vcham.lvc: JT off-diagonal pairs: []
2025-06-12 14:30:20,255 [INFO] vcham.lvc: n_var_list (non-JT): [3, 3]
2025-06-12 14:30:20,257 [INFO] vcham.lvc: Total parameters to optimize: 6
2025-06-12 14:30:20,258 [INFO] vcham.lvc: Optimizing mode 0...
2025-06-12 14:30:21,140 [INFO] vcham.lvc: Step 0, Loss: 437.938171
2025-06-12 14:30:21,184 [INFO] vcham.lvc: Step 100, Loss: 104.772614
2025-06-12 14:30:21,216 [INFO] vcham.lvc: Step 200, Loss: 23.677525
2025-06-12 14:30:21,248 [INFO] vcham.lvc: Step 300, Loss: 3.879044
2025-06-12 14:30:21,280 [INFO] vcham.lvc: Step 400, Loss: 0.130279
2025-06-12 14:30:21,311 [INFO] vcham.lvc: Step 500, Loss: 0.098261
2025-06-12 14:30:21,341 [INFO] vcham.lvc: Step 600, Loss: 0.079562
2025-06-12 14:30:21,370 [INFO] vcham.lvc: Step 700, Loss: 0.066586
2025-06-12 14:30:21,400 [INFO] vcham.lvc: Step 800, Loss: 0.056806
2025-06-12 14:30:21,429 [INFO] vcham.lvc: Step 900, Loss: 0.049139
2025-06-12 14:30:21,458 [INFO] vcham.lvc: Step 1000, Loss: 0.042984
2025-06-12 14:30:21,488 [INFO] vcham.lvc: Step 1100, Loss: 0.037962
2025-06-12 14:30:21,518 [INFO] vcham.lvc: Step 1200, Loss: 0.033818
2025-06-12 14:30:21,547 [INFO] vcham.lvc: Step 1300, Loss: 0.030365
2025-06-12 14:30:21,576 [INFO] vcham.lvc: Step 1400, Loss: 0.027463
2025-06-12 14:30:21,605 [INFO] vcham.lvc: Step 1500, Loss: 0.025006
2025-06-12 14:30:21,634 [INFO] vcham.lvc: Step 1600, Loss: 0.022907
2025-06-12 14:30:21,664 [INFO] vcham.lvc: Step 1700, Loss: 0.021100
2025-06-12 14:30:21,694 [INFO] vcham.lvc: Step 1800, Loss: 0.019530
2025-06-12 14:30:21,725 [INFO] vcham.lvc: Step 1900, Loss: 0.018154
2025-06-12 14:30:21,758 [INFO] vcham.lvc: Step 2000, Loss: 0.016935
2025-06-12 14:30:21,790 [INFO] vcham.lvc: Step 2100, Loss: 0.015847
2025-06-12 14:30:21,821 [INFO] vcham.lvc: Step 2200, Loss: 0.014866
2025-06-12 14:30:21,851 [INFO] vcham.lvc: Step 2300, Loss: 0.013974
2025-06-12 14:30:21,881 [INFO] vcham.lvc: Step 2400, Loss: 0.013156
2025-06-12 14:30:21,910 [INFO] vcham.lvc: Step 2500, Loss: 0.012403
2025-06-12 14:30:21,939 [INFO] vcham.lvc: Step 2600, Loss: 0.011704
2025-06-12 14:30:21,968 [INFO] vcham.lvc: Step 2700, Loss: 0.011053
2025-06-12 14:30:21,998 [INFO] vcham.lvc: Step 2800, Loss: 0.010446
2025-06-12 14:30:22,027 [INFO] vcham.lvc: Step 2900, Loss: 0.009877
2025-06-12 14:30:22,056 [INFO] vcham.lvc: Step 3000, Loss: 0.009343
2025-06-12 14:30:22,085 [INFO] vcham.lvc: Step 3100, Loss: 0.008843
2025-06-12 14:30:22,114 [INFO] vcham.lvc: Step 3200, Loss: 0.008374
2025-06-12 14:30:22,142 [INFO] vcham.lvc: Step 3300, Loss: 0.007934
2025-06-12 14:30:22,172 [INFO] vcham.lvc: Step 3400, Loss: 0.007523
2025-06-12 14:30:22,201 [INFO] vcham.lvc: Step 3500, Loss: 0.007138
2025-06-12 14:30:22,230 [INFO] vcham.lvc: Step 3600, Loss: 0.006779
2025-06-12 14:30:22,259 [INFO] vcham.lvc: Step 3700, Loss: 0.006444
2025-06-12 14:30:22,288 [INFO] vcham.lvc: Step 3800, Loss: 0.006133
2025-06-12 14:30:22,316 [INFO] vcham.lvc: Step 3900, Loss: 0.005844
2025-06-12 14:30:22,345 [INFO] vcham.lvc: Step 4000, Loss: 0.005577
2025-06-12 14:30:22,373 [INFO] vcham.lvc: Step 4100, Loss: 0.005329
2025-06-12 14:30:22,401 [INFO] vcham.lvc: Step 4200, Loss: 0.005101
2025-06-12 14:30:22,447 [INFO] vcham.lvc: Step 4300, Loss: 0.004892
2025-06-12 14:30:22,475 [INFO] vcham.lvc: Step 4400, Loss: 0.004708
2025-06-12 14:30:22,504 [INFO] vcham.lvc: Step 4500, Loss: 0.004522
2025-06-12 14:30:22,533 [INFO] vcham.lvc: Step 4600, Loss: 0.004362
2025-06-12 14:30:22,562 [INFO] vcham.lvc: Step 4700, Loss: 0.004214
2025-06-12 14:30:22,590 [INFO] vcham.lvc: Step 4800, Loss: 0.004081
2025-06-12 14:30:22,618 [INFO] vcham.lvc: Step 4900, Loss: 0.003958
2025-06-12 14:30:22,647 [INFO] vcham.lvc: Step 5000, Loss: 0.003851
2025-06-12 14:30:22,676 [INFO] vcham.lvc: Step 5100, Loss: 0.003749
2025-06-12 14:30:22,706 [INFO] vcham.lvc: Step 5200, Loss: 0.003659
2025-06-12 14:30:22,734 [INFO] vcham.lvc: Step 5300, Loss: 0.003579
2025-06-12 14:30:22,763 [INFO] vcham.lvc: Step 5400, Loss: 0.003508
2025-06-12 14:30:22,792 [INFO] vcham.lvc: Step 5500, Loss: 0.003444
2025-06-12 14:30:22,820 [INFO] vcham.lvc: Step 5600, Loss: 0.003388
2025-06-12 14:30:22,849 [INFO] vcham.lvc: Step 5700, Loss: 0.003335
2025-06-12 14:30:22,878 [INFO] vcham.lvc: Step 5800, Loss: 0.003292
2025-06-12 14:30:22,907 [INFO] vcham.lvc: Step 5900, Loss: 0.003253
2025-06-12 14:30:22,935 [INFO] vcham.lvc: Step 6000, Loss: 0.003220
2025-06-12 14:30:22,963 [INFO] vcham.lvc: Step 6100, Loss: 0.003190
2025-06-12 14:30:22,992 [INFO] vcham.lvc: Step 6200, Loss: 0.003169
2025-06-12 14:30:23,021 [INFO] vcham.lvc: Step 6300, Loss: 0.003144
2025-06-12 14:30:23,049 [INFO] vcham.lvc: Step 6400, Loss: 0.003126
2025-06-12 14:30:23,078 [INFO] vcham.lvc: Step 6500, Loss: 0.003114
2025-06-12 14:30:23,107 [INFO] vcham.lvc: Step 6600, Loss: 0.003099
2025-06-12 14:30:23,135 [INFO] vcham.lvc: Step 6700, Loss: 0.003092
2025-06-12 14:30:23,164 [INFO] vcham.lvc: Step 6800, Loss: 0.003081
2025-06-12 14:30:23,193 [INFO] vcham.lvc: Step 6900, Loss: 0.003075
2025-06-12 14:30:23,420 [INFO] vcham.lvc: Final loss: 0.003072
2025-06-12 14:30:23,420 [INFO] vcham.lvc: Optimization completed in 2.96 seconds.
2025-06-12 14:30:48,909 [INFO] vcham.vcham_system: Geometry is not centered. Centering...
2025-06-12 14:30:48,909 [INFO] vcham.vcham_system: Reference geometry updated.
2025-06-12 14:31:57,218 [INFO] root: Logging configuration successfully loaded.
2025-06-12 14:31:57,560 [INFO] vcham.vcham_system: Total symmetry irrep: A'
2025-06-12 14:31:57,561 [INFO] vcham.vcham_system: Symmetry matrix successfully created.
2025-06-12 14:31:57,562 [INFO] vcham.vcham_system: Computed vertical energy shifts: [1.08275176e-11 5.65868614e+00]
2025-06-12 14:31:57,584 [INFO] vcham.lvc: 

----- Initializing LVC Hamiltonian Builder -----
2025-06-12 14:31:57,585 [INFO] vcham.lvc: Normal mode: 0
2025-06-12 14:31:57,592 [INFO] vcham.lvc: JT off-diagonal pairs: []
2025-06-12 14:31:57,593 [INFO] vcham.lvc: n_var_list (non-JT): [3, 3]
2025-06-12 14:31:57,595 [INFO] vcham.lvc: Total parameters to optimize: 6
2025-06-12 14:31:57,596 [INFO] vcham.lvc: Optimizing mode 0...
2025-06-12 14:31:58,435 [INFO] vcham.lvc: Step 0, Loss: 437.938171
2025-06-12 14:31:58,480 [INFO] vcham.lvc: Step 100, Loss: 104.772614
2025-06-12 14:31:58,511 [INFO] vcham.lvc: Step 200, Loss: 23.677525
2025-06-12 14:31:58,541 [INFO] vcham.lvc: Step 300, Loss: 3.879044
2025-06-12 14:31:58,570 [INFO] vcham.lvc: Step 400, Loss: 0.130279
2025-06-12 14:31:58,600 [INFO] vcham.lvc: Step 500, Loss: 0.098261
2025-06-12 14:31:58,630 [INFO] vcham.lvc: Step 600, Loss: 0.079562
2025-06-12 14:31:58,660 [INFO] vcham.lvc: Step 700, Loss: 0.066586
2025-06-12 14:31:58,688 [INFO] vcham.lvc: Step 800, Loss: 0.056806
2025-06-12 14:31:58,718 [INFO] vcham.lvc: Step 900, Loss: 0.049139
2025-06-12 14:31:58,747 [INFO] vcham.lvc: Step 1000, Loss: 0.042984
2025-06-12 14:31:58,776 [INFO] vcham.lvc: Step 1100, Loss: 0.037962
2025-06-12 14:31:58,805 [INFO] vcham.lvc: Step 1200, Loss: 0.033818
2025-06-12 14:31:58,835 [INFO] vcham.lvc: Step 1300, Loss: 0.030365
2025-06-12 14:31:58,864 [INFO] vcham.lvc: Step 1400, Loss: 0.027463
2025-06-12 14:31:58,893 [INFO] vcham.lvc: Step 1500, Loss: 0.025006
2025-06-12 14:31:58,923 [INFO] vcham.lvc: Step 1600, Loss: 0.022907
2025-06-12 14:31:58,953 [INFO] vcham.lvc: Step 1700, Loss: 0.021100
2025-06-12 14:31:58,982 [INFO] vcham.lvc: Step 1800, Loss: 0.019530
2025-06-12 14:31:59,011 [INFO] vcham.lvc: Step 1900, Loss: 0.018154
2025-06-12 14:31:59,045 [INFO] vcham.lvc: Step 2000, Loss: 0.016935
2025-06-12 14:31:59,076 [INFO] vcham.lvc: Step 2100, Loss: 0.015847
2025-06-12 14:31:59,105 [INFO] vcham.lvc: Step 2200, Loss: 0.014866
2025-06-12 14:31:59,135 [INFO] vcham.lvc: Step 2300, Loss: 0.013974
2025-06-12 14:31:59,164 [INFO] vcham.lvc: Step 2400, Loss: 0.013156
2025-06-12 14:31:59,193 [INFO] vcham.lvc: Step 2500, Loss: 0.012403
2025-06-12 14:31:59,222 [INFO] vcham.lvc: Step 2600, Loss: 0.011704
2025-06-12 14:31:59,251 [INFO] vcham.lvc: Step 2700, Loss: 0.011053
2025-06-12 14:31:59,280 [INFO] vcham.lvc: Step 2800, Loss: 0.010446
2025-06-12 14:31:59,309 [INFO] vcham.lvc: Step 2900, Loss: 0.009877
2025-06-12 14:31:59,338 [INFO] vcham.lvc: Step 3000, Loss: 0.009343
2025-06-12 14:31:59,366 [INFO] vcham.lvc: Step 3100, Loss: 0.008843
2025-06-12 14:31:59,395 [INFO] vcham.lvc: Step 3200, Loss: 0.008374
2025-06-12 14:31:59,424 [INFO] vcham.lvc: Step 3300, Loss: 0.007934
2025-06-12 14:31:59,453 [INFO] vcham.lvc: Step 3400, Loss: 0.007523
2025-06-12 14:31:59,482 [INFO] vcham.lvc: Step 3500, Loss: 0.007138
2025-06-12 14:31:59,510 [INFO] vcham.lvc: Step 3600, Loss: 0.006779
2025-06-12 14:31:59,539 [INFO] vcham.lvc: Step 3700, Loss: 0.006444
2025-06-12 14:31:59,568 [INFO] vcham.lvc: Step 3800, Loss: 0.006133
2025-06-12 14:31:59,597 [INFO] vcham.lvc: Step 3900, Loss: 0.005844
2025-06-12 14:31:59,626 [INFO] vcham.lvc: Step 4000, Loss: 0.005577
2025-06-12 14:31:59,655 [INFO] vcham.lvc: Step 4100, Loss: 0.005329
2025-06-12 14:31:59,684 [INFO] vcham.lvc: Step 4200, Loss: 0.005101
2025-06-12 14:31:59,712 [INFO] vcham.lvc: Step 4300, Loss: 0.004892
2025-06-12 14:31:59,742 [INFO] vcham.lvc: Step 4400, Loss: 0.004708
2025-06-12 14:31:59,770 [INFO] vcham.lvc: Step 4500, Loss: 0.004522
2025-06-12 14:31:59,799 [INFO] vcham.lvc: Step 4600, Loss: 0.004362
2025-06-12 14:31:59,828 [INFO] vcham.lvc: Step 4700, Loss: 0.004214
2025-06-12 14:31:59,857 [INFO] vcham.lvc: Step 4800, Loss: 0.004081
2025-06-12 14:31:59,886 [INFO] vcham.lvc: Step 4900, Loss: 0.003958
2025-06-12 14:31:59,914 [INFO] vcham.lvc: Step 5000, Loss: 0.003851
2025-06-12 14:31:59,944 [INFO] vcham.lvc: Step 5100, Loss: 0.003749
2025-06-12 14:31:59,972 [INFO] vcham.lvc: Step 5200, Loss: 0.003659
2025-06-12 14:32:00,001 [INFO] vcham.lvc: Step 5300, Loss: 0.003579
2025-06-12 14:32:00,029 [INFO] vcham.lvc: Step 5400, Loss: 0.003508
2025-06-12 14:32:00,059 [INFO] vcham.lvc: Step 5500, Loss: 0.003444
2025-06-12 14:32:00,088 [INFO] vcham.lvc: Step 5600, Loss: 0.003388
2025-06-12 14:32:00,116 [INFO] vcham.lvc: Step 5700, Loss: 0.003335
2025-06-12 14:32:00,146 [INFO] vcham.lvc: Step 5800, Loss: 0.003292
2025-06-12 14:32:00,174 [INFO] vcham.lvc: Step 5900, Loss: 0.003253
2025-06-12 14:32:00,203 [INFO] vcham.lvc: Step 6000, Loss: 0.003220
2025-06-12 14:32:00,231 [INFO] vcham.lvc: Step 6100, Loss: 0.003190
2025-06-12 14:32:00,277 [INFO] vcham.lvc: Step 6200, Loss: 0.003169
2025-06-12 14:32:00,306 [INFO] vcham.lvc: Step 6300, Loss: 0.003144
2025-06-12 14:32:00,335 [INFO] vcham.lvc: Step 6400, Loss: 0.003126
2025-06-12 14:32:00,364 [INFO] vcham.lvc: Step 6500, Loss: 0.003114
2025-06-12 14:32:00,393 [INFO] vcham.lvc: Step 6600, Loss: 0.003099
2025-06-12 14:32:00,422 [INFO] vcham.lvc: Step 6700, Loss: 0.003092
2025-06-12 14:32:00,451 [INFO] vcham.lvc: Step 6800, Loss: 0.003081
2025-06-12 14:32:00,479 [INFO] vcham.lvc: Step 6900, Loss: 0.003075
2025-06-12 14:32:00,748 [INFO] vcham.lvc: Final loss: 0.003072
2025-06-12 14:32:00,749 [INFO] vcham.lvc: Optimization completed in 2.91 seconds.
2025-06-12 14:32:00,756 [INFO] vcham.vcham_system: Reference geometry updated.
2025-06-12 14:32:54,683 [INFO] vcham.vcham_system: Reference geometry updated.
2025-06-12 14:33:49,361 [INFO] vcham.vcham_system: Dipole matrix updated.
2025-06-12 14:33:49,365 [INFO] vcham.utils: Warning: Overwriting existing file model_sigma_plus.json
2025-06-12 14:33:49,367 [INFO] vcham.utils: Data successfully saved to model_sigma_plus.json
2025-06-12 14:33:49,368 [INFO] vcham.utils: No interactions found.
2025-06-12 14:33:49,369 [INFO] vcham.utils: MCTDH operator file successfully written to: model_sigma_plus.op
2025-06-12 14:33:49,370 [INFO] vcham.utils: Reading 2 JSON files and merging them.
2025-06-12 14:33:49,371 [INFO] vcham.utils: 
Molecule 0 new geometry in the fixed lab frame: 
[[ 0.   0.  -0.5]
 [ 0.   0.   0.5]] 

2025-06-12 14:33:49,372 [INFO] vcham.utils: 
Molecule 1 new geometry in the fixed lab frame: 
[[ 0.   0.  -0.5]
 [ 0.   0.   0.5]] 

2025-06-12 14:33:49,373 [INFO] vcham.utils: Calculating dipole interaction for pair Molecule0 - Molecule1

2025-06-12 14:33:49,374 [INFO] vcham.utils: Warning: Overwriting existing file 2mol_model_sigma_plus.json
2025-06-12 14:33:49,376 [INFO] vcham.utils: Data successfully saved to 2mol_model_sigma_plus.json
2025-06-12 14:33:49,377 [INFO] vcham.utils: Interactions found!
2025-06-12 14:33:49,377 [INFO] vcham.utils: Dipole interactions found!
2025-06-12 14:33:49,378 [INFO] vcham.utils: MCTDH operator file successfully written to: 2mol_model_sigma_plus.op
2025-06-12 14:34:09,609 [INFO] vcham.vcham_system: Dipole matrix updated.
2025-06-12 14:34:09,614 [INFO] vcham.utils: Warning: Overwriting existing file model_sigma_plus.json
2025-06-12 14:34:09,615 [INFO] vcham.utils: Data successfully saved to model_sigma_plus.json
2025-06-12 14:34:09,617 [INFO] vcham.utils: No interactions found.
2025-06-12 14:34:09,618 [INFO] vcham.utils: MCTDH operator file successfully written to: model_sigma_plus.op
2025-06-12 14:34:09,619 [INFO] vcham.utils: Reading 2 JSON files and merging them.
2025-06-12 14:34:09,620 [INFO] vcham.utils: 
Molecule 0 new geometry in the fixed lab frame: 
[[ 0.   0.  -0.5]
 [ 0.   0.   0.5]] 

2025-06-12 14:34:09,620 [INFO] vcham.utils: 
Molecule 1 new geometry in the fixed lab frame: 
[[ 0.   0.  -0.5]
 [ 0.   0.   0.5]] 

2025-06-12 14:34:09,621 [INFO] vcham.utils: Calculating dipole interaction for pair Molecule0 - Molecule1

2025-06-12 14:34:09,622 [INFO] vcham.utils: Warning: Overwriting existing file 2mol_model_sigma_plus.json
2025-06-12 14:34:09,623 [INFO] vcham.utils: Data successfully saved to 2mol_model_sigma_plus.json
2025-06-12 14:34:09,624 [INFO] vcham.utils: Interactions found!
2025-06-12 14:34:09,625 [INFO] vcham.utils: Dipole interactions found!
2025-06-12 14:34:09,626 [INFO] vcham.utils: MCTDH operator file successfully written to: 2mol_model_sigma_plus.op
2025-06-12 14:34:23,065 [INFO] vcham.vcham_system: Dipole matrix updated.
2025-06-12 14:34:23,069 [INFO] vcham.utils: Warning: Overwriting existing file model_sigma_plus.json
2025-06-12 14:34:23,071 [INFO] vcham.utils: Data successfully saved to model_sigma_plus.json
2025-06-12 14:34:23,072 [INFO] vcham.utils: No interactions found.
2025-06-12 14:34:23,073 [INFO] vcham.utils: MCTDH operator file successfully written to: model_sigma_plus.op
2025-06-12 14:37:37,416 [INFO] vcham.utils: Reading 2 JSON files and merging them.
2025-06-12 14:37:37,418 [INFO] vcham.utils: 
Molecule 0 new geometry in the fixed lab frame: 
[[ 0.   0.  -0.5]
 [ 0.   0.   0.5]] 

2025-06-12 14:37:37,419 [INFO] vcham.utils: 
Molecule 1 new geometry in the fixed lab frame: 
[[ 0.   0.  -0.5]
 [ 0.   0.   0.5]] 

2025-06-12 14:37:37,420 [INFO] vcham.utils: Calculating dipole interaction for pair Molecule0 - Molecule1

2025-06-12 14:37:37,421 [INFO] vcham.utils: Warning: Overwriting existing file 2mol_model_sigma_plus.json
2025-06-12 14:37:37,422 [INFO] vcham.utils: Data successfully saved to 2mol_model_sigma_plus.json
2025-06-12 14:37:37,424 [INFO] vcham.utils: Interactions found!
2025-06-12 14:37:37,425 [INFO] vcham.utils: Dipole interactions found!
2025-06-12 14:37:37,425 [INFO] vcham.utils: MCTDH operator file successfully written to: 2mol_model_sigma_plus.op
2025-06-12 14:38:26,038 [INFO] vcham.utils: Reading 2 JSON files and merging them.
2025-06-12 14:38:26,039 [INFO] vcham.utils: 
Molecule 0 new geometry in the fixed lab frame: 
[[ 0.   0.  -0.5]
 [ 0.   0.   0.5]] 

2025-06-12 14:38:26,040 [INFO] vcham.utils: 
Molecule 1 new geometry in the fixed lab frame: 
[[ 0.   0.  -0.5]
 [ 0.   0.   0.5]] 

2025-06-12 14:38:26,040 [INFO] vcham.utils: Calculating dipole interaction for pair Molecule0 - Molecule1

2025-06-12 14:38:26,042 [INFO] vcham.utils: Warning: Overwriting existing file 2mol_model_sigma_plus.json
2025-06-12 14:38:26,043 [INFO] vcham.utils: Data successfully saved to 2mol_model_sigma_plus.json
2025-06-12 14:38:26,045 [INFO] vcham.utils: Interactions found!
2025-06-12 14:38:26,045 [INFO] vcham.utils: Dipole interactions found!
2025-06-12 14:38:26,046 [INFO] vcham.utils: MCTDH operator file successfully written to: 2mol_model_sigma_plus.op
2025-06-12 14:38:26,701 [INFO] vcham.vcham_system: Dipole matrix updated.
2025-06-12 14:38:26,705 [INFO] vcham.utils: Warning: Overwriting existing file model_pi.json
2025-06-12 14:38:26,707 [INFO] vcham.utils: Data successfully saved to model_pi.json
2025-06-12 14:38:26,709 [INFO] vcham.utils: No interactions found.
2025-06-12 14:38:26,709 [INFO] vcham.utils: MCTDH operator file successfully written to: model_pi.op
2025-06-12 14:38:26,711 [INFO] vcham.utils: Reading 2 JSON files and merging them.
2025-06-12 14:38:26,712 [INFO] vcham.utils: 
Molecule 0 new geometry in the fixed lab frame: 
[[ 0.   0.  -0.5]
 [ 0.   0.   0.5]] 

2025-06-12 14:38:26,713 [INFO] vcham.utils: 
Molecule 1 new geometry in the fixed lab frame: 
[[ 0.   0.  -0.5]
 [ 0.   0.   0.5]] 

2025-06-12 14:38:26,713 [INFO] vcham.utils: Calculating dipole interaction for pair Molecule0 - Molecule1

2025-06-12 14:38:26,714 [INFO] vcham.utils: Warning: Overwriting existing file 2mol_model_pi.json
2025-06-12 14:38:26,717 [INFO] vcham.utils: Data successfully saved to 2mol_model_pi.json
2025-06-12 14:38:26,718 [INFO] vcham.utils: Interactions found!
2025-06-12 14:38:26,718 [INFO] vcham.utils: Dipole interactions found!
2025-06-12 14:38:26,719 [INFO] vcham.utils: MCTDH operator file successfully written to: 2mol_model_pi.op
2025-06-17 10:34:46,419 [INFO] root: Logging configuration successfully loaded.
2025-06-17 10:36:22,982 [INFO] vcham.vcham_system: Total symmetry irrep: A'
2025-06-17 10:36:22,984 [INFO] vcham.vcham_system: Symmetry matrix successfully created.
2025-06-17 10:36:22,986 [INFO] vcham.vcham_system: Computed vertical energy shifts: [1.08275176e-11 5.65868614e+00]
2025-06-17 10:36:23,867 [INFO] vcham.lvc: 

----- Initializing LVC Hamiltonian Builder -----
2025-06-17 10:36:23,867 [INFO] vcham.lvc: Normal mode: 0
2025-06-17 10:36:23,882 [INFO] vcham.lvc: JT off-diagonal pairs: []
2025-06-17 10:36:23,883 [INFO] vcham.lvc: n_var_list (non-JT): [3, 3]
2025-06-17 10:36:23,886 [INFO] vcham.lvc: Total parameters to optimize: 6
2025-06-17 10:36:23,887 [INFO] vcham.lvc: Optimizing mode 0...
2025-06-17 10:36:24,832 [INFO] vcham.lvc: Step 0, Loss: 437.793152
2025-06-17 10:36:24,943 [INFO] vcham.lvc: Step 100, Loss: 104.632477
2025-06-17 10:36:24,973 [INFO] vcham.lvc: Step 200, Loss: 23.556314
2025-06-17 10:36:25,002 [INFO] vcham.lvc: Step 300, Loss: 3.871985
2025-06-17 10:36:25,031 [INFO] vcham.lvc: Step 400, Loss: 0.181636
2025-06-17 10:36:25,061 [INFO] vcham.lvc: Step 500, Loss: 0.172794
2025-06-17 10:36:25,090 [INFO] vcham.lvc: Step 600, Loss: 0.167367
2025-06-17 10:36:25,120 [INFO] vcham.lvc: Step 700, Loss: 0.162986
2025-06-17 10:36:25,149 [INFO] vcham.lvc: Step 800, Loss: 0.159172
2025-06-17 10:36:25,179 [INFO] vcham.lvc: Step 900, Loss: 0.155706
2025-06-17 10:36:25,208 [INFO] vcham.lvc: Step 1000, Loss: 0.152474
2025-06-17 10:36:25,237 [INFO] vcham.lvc: Step 1100, Loss: 0.149411
2025-06-17 10:36:25,266 [INFO] vcham.lvc: Step 1200, Loss: 0.146479
2025-06-17 10:36:25,295 [INFO] vcham.lvc: Step 1300, Loss: 0.143654
2025-06-17 10:36:25,325 [INFO] vcham.lvc: Step 1400, Loss: 0.140920
2025-06-17 10:36:25,354 [INFO] vcham.lvc: Step 1500, Loss: 0.138264
2025-06-17 10:36:25,382 [INFO] vcham.lvc: Step 1600, Loss: 0.135678
2025-06-17 10:36:25,412 [INFO] vcham.lvc: Step 1700, Loss: 0.133154
2025-06-17 10:36:25,440 [INFO] vcham.lvc: Step 1800, Loss: 0.130687
2025-06-17 10:36:25,470 [INFO] vcham.lvc: Step 1900, Loss: 0.128272
2025-06-17 10:36:25,498 [INFO] vcham.lvc: Step 2000, Loss: 0.125907
2025-06-17 10:36:25,528 [INFO] vcham.lvc: Step 2100, Loss: 0.123596
2025-06-17 10:36:25,557 [INFO] vcham.lvc: Step 2200, Loss: 0.121333
2025-06-17 10:36:25,586 [INFO] vcham.lvc: Step 2300, Loss: 0.119117
2025-06-17 10:36:25,649 [INFO] vcham.lvc: Step 2400, Loss: 0.116943
2025-06-17 10:36:25,683 [INFO] vcham.lvc: Step 2500, Loss: 0.114809
2025-06-17 10:36:25,712 [INFO] vcham.lvc: Step 2600, Loss: 0.112713
2025-06-17 10:36:25,741 [INFO] vcham.lvc: Step 2700, Loss: 0.110653
2025-06-17 10:36:25,769 [INFO] vcham.lvc: Step 2800, Loss: 0.108626
2025-06-17 10:36:25,799 [INFO] vcham.lvc: Step 2900, Loss: 0.106632
2025-06-17 10:36:25,828 [INFO] vcham.lvc: Step 3000, Loss: 0.104668
2025-06-17 10:36:25,857 [INFO] vcham.lvc: Step 3100, Loss: 0.102734
2025-06-17 10:36:25,886 [INFO] vcham.lvc: Step 3200, Loss: 0.100827
2025-06-17 10:36:25,915 [INFO] vcham.lvc: Step 3300, Loss: 0.098948
2025-06-17 10:36:25,944 [INFO] vcham.lvc: Step 3400, Loss: 0.097103
2025-06-17 10:36:25,972 [INFO] vcham.lvc: Step 3500, Loss: 0.095292
2025-06-17 10:36:26,003 [INFO] vcham.lvc: Step 3600, Loss: 0.093514
2025-06-17 10:36:26,031 [INFO] vcham.lvc: Step 3700, Loss: 0.091767
2025-06-17 10:36:26,060 [INFO] vcham.lvc: Step 3800, Loss: 0.090049
2025-06-17 10:36:26,088 [INFO] vcham.lvc: Step 3900, Loss: 0.088360
2025-06-17 10:36:26,116 [INFO] vcham.lvc: Step 4000, Loss: 0.086698
2025-06-17 10:36:26,145 [INFO] vcham.lvc: Step 4100, Loss: 0.085062
2025-06-17 10:36:26,174 [INFO] vcham.lvc: Step 4200, Loss: 0.083452
2025-06-17 10:36:26,203 [INFO] vcham.lvc: Step 4300, Loss: 0.081866
2025-06-17 10:36:26,232 [INFO] vcham.lvc: Step 4400, Loss: 0.080307
2025-06-17 10:36:26,261 [INFO] vcham.lvc: Step 4500, Loss: 0.078764
2025-06-17 10:36:26,290 [INFO] vcham.lvc: Step 4600, Loss: 0.077256
2025-06-17 10:36:26,319 [INFO] vcham.lvc: Step 4700, Loss: 0.075781
2025-06-17 10:36:26,347 [INFO] vcham.lvc: Step 4800, Loss: 0.074335
2025-06-17 10:36:26,376 [INFO] vcham.lvc: Step 4900, Loss: 0.072920
2025-06-17 10:36:26,405 [INFO] vcham.lvc: Step 5000, Loss: 0.071532
2025-06-17 10:36:26,434 [INFO] vcham.lvc: Step 5100, Loss: 0.070171
2025-06-17 10:36:26,463 [INFO] vcham.lvc: Step 5200, Loss: 0.068836
2025-06-17 10:36:26,492 [INFO] vcham.lvc: Step 5300, Loss: 0.067527
2025-06-17 10:36:26,521 [INFO] vcham.lvc: Step 5400, Loss: 0.066252
2025-06-17 10:36:26,550 [INFO] vcham.lvc: Step 5500, Loss: 0.064979
2025-06-17 10:36:26,579 [INFO] vcham.lvc: Step 5600, Loss: 0.063745
2025-06-17 10:36:26,608 [INFO] vcham.lvc: Step 5700, Loss: 0.062531
2025-06-17 10:36:26,638 [INFO] vcham.lvc: Step 5800, Loss: 0.061356
2025-06-17 10:36:26,667 [INFO] vcham.lvc: Step 5900, Loss: 0.060210
2025-06-17 10:36:26,695 [INFO] vcham.lvc: Step 6000, Loss: 0.059095
2025-06-17 10:36:26,725 [INFO] vcham.lvc: Step 6100, Loss: 0.058009
2025-06-17 10:36:26,770 [INFO] vcham.lvc: Step 6200, Loss: 0.056959
2025-06-17 10:36:26,798 [INFO] vcham.lvc: Step 6300, Loss: 0.055925
2025-06-17 10:36:26,828 [INFO] vcham.lvc: Step 6400, Loss: 0.054925
2025-06-17 10:36:26,857 [INFO] vcham.lvc: Step 6500, Loss: 0.053938
2025-06-17 10:36:26,885 [INFO] vcham.lvc: Step 6600, Loss: 0.052997
2025-06-17 10:36:26,914 [INFO] vcham.lvc: Step 6700, Loss: 0.052042
2025-06-17 10:36:26,942 [INFO] vcham.lvc: Step 6800, Loss: 0.051132
2025-06-17 10:36:26,971 [INFO] vcham.lvc: Step 6900, Loss: 0.050239
2025-06-17 10:36:27,178 [INFO] vcham.lvc: Final loss: 0.049389
2025-06-17 10:36:27,178 [INFO] vcham.lvc: Optimization completed in 3.11 seconds.
2025-06-17 10:36:43,216 [INFO] vcham.vcham_system: Total symmetry irrep: A'
2025-06-17 10:36:43,217 [INFO] vcham.vcham_system: Symmetry matrix successfully created.
2025-06-17 10:36:43,218 [INFO] vcham.vcham_system: Computed vertical energy shifts: [1.08275176e-11 5.65868614e+00]
2025-06-17 10:36:43,676 [INFO] vcham.lvc: 

----- Initializing LVC Hamiltonian Builder -----
2025-06-17 10:36:43,677 [INFO] vcham.lvc: Normal mode: 0
2025-06-17 10:36:43,682 [INFO] vcham.lvc: JT off-diagonal pairs: []
2025-06-17 10:36:43,682 [INFO] vcham.lvc: n_var_list (non-JT): [3, 3]
2025-06-17 10:36:43,684 [INFO] vcham.lvc: Total parameters to optimize: 6
2025-06-17 10:36:43,684 [INFO] vcham.lvc: Optimizing mode 0...
2025-06-17 10:36:43,993 [INFO] vcham.lvc: Step 0, Loss: 437.640564
2025-06-17 10:36:44,036 [INFO] vcham.lvc: Step 100, Loss: 104.530060
2025-06-17 10:36:44,066 [INFO] vcham.lvc: Step 200, Loss: 23.596455
2025-06-17 10:36:44,095 [INFO] vcham.lvc: Step 300, Loss: 4.261030
2025-06-17 10:36:44,124 [INFO] vcham.lvc: Step 400, Loss: 0.719792
2025-06-17 10:36:44,152 [INFO] vcham.lvc: Step 500, Loss: 0.676414
2025-06-17 10:36:44,182 [INFO] vcham.lvc: Step 600, Loss: 0.645344
2025-06-17 10:36:44,213 [INFO] vcham.lvc: Step 700, Loss: 0.619733
2025-06-17 10:36:44,242 [INFO] vcham.lvc: Step 800, Loss: 0.597768
2025-06-17 10:36:44,272 [INFO] vcham.lvc: Step 900, Loss: 0.578823
2025-06-17 10:36:44,301 [INFO] vcham.lvc: Step 1000, Loss: 0.562551
2025-06-17 10:36:44,334 [INFO] vcham.lvc: Step 1100, Loss: 0.548832
2025-06-17 10:36:44,367 [INFO] vcham.lvc: Step 1200, Loss: 0.537368
2025-06-17 10:36:44,400 [INFO] vcham.lvc: Step 1300, Loss: 0.527925
2025-06-17 10:36:44,435 [INFO] vcham.lvc: Step 1400, Loss: 0.520272
2025-06-17 10:36:44,467 [INFO] vcham.lvc: Step 1500, Loss: 0.514019
2025-06-17 10:36:44,499 [INFO] vcham.lvc: Step 1600, Loss: 0.508838
2025-06-17 10:36:44,530 [INFO] vcham.lvc: Step 1700, Loss: 0.504458
2025-06-17 10:36:44,559 [INFO] vcham.lvc: Step 1800, Loss: 0.500660
2025-06-17 10:36:44,589 [INFO] vcham.lvc: Step 1900, Loss: 0.497275
2025-06-17 10:36:44,618 [INFO] vcham.lvc: Step 2000, Loss: 0.494178
2025-06-17 10:36:44,647 [INFO] vcham.lvc: Step 2100, Loss: 0.491278
2025-06-17 10:36:44,676 [INFO] vcham.lvc: Step 2200, Loss: 0.488518
2025-06-17 10:36:44,705 [INFO] vcham.lvc: Step 2300, Loss: 0.485858
2025-06-17 10:36:44,734 [INFO] vcham.lvc: Step 2400, Loss: 0.483275
2025-06-17 10:36:44,763 [INFO] vcham.lvc: Step 2500, Loss: 0.480755
2025-06-17 10:36:44,793 [INFO] vcham.lvc: Step 2600, Loss: 0.478291
2025-06-17 10:36:44,826 [INFO] vcham.lvc: Step 2700, Loss: 0.475877
2025-06-17 10:36:44,859 [INFO] vcham.lvc: Step 2800, Loss: 0.473509
2025-06-17 10:36:44,891 [INFO] vcham.lvc: Step 2900, Loss: 0.471187
2025-06-17 10:36:44,923 [INFO] vcham.lvc: Step 3000, Loss: 0.468907
2025-06-17 10:36:44,954 [INFO] vcham.lvc: Step 3100, Loss: 0.466669
2025-06-17 10:36:44,985 [INFO] vcham.lvc: Step 3200, Loss: 0.464470
2025-06-17 10:36:45,014 [INFO] vcham.lvc: Step 3300, Loss: 0.462310
2025-06-17 10:36:45,043 [INFO] vcham.lvc: Step 3400, Loss: 0.460186
2025-06-17 10:36:45,073 [INFO] vcham.lvc: Step 3500, Loss: 0.458097
2025-06-17 10:36:45,102 [INFO] vcham.lvc: Step 3600, Loss: 0.456043
2025-06-17 10:36:45,131 [INFO] vcham.lvc: Step 3700, Loss: 0.454021
2025-06-17 10:36:45,160 [INFO] vcham.lvc: Step 3800, Loss: 0.452031
2025-06-17 10:36:45,189 [INFO] vcham.lvc: Step 3900, Loss: 0.450071
2025-06-17 10:36:45,218 [INFO] vcham.lvc: Step 4000, Loss: 0.448140
2025-06-17 10:36:45,247 [INFO] vcham.lvc: Step 4100, Loss: 0.446238
2025-06-17 10:36:45,276 [INFO] vcham.lvc: Step 4200, Loss: 0.444362
2025-06-17 10:36:45,305 [INFO] vcham.lvc: Step 4300, Loss: 0.442512
2025-06-17 10:36:45,334 [INFO] vcham.lvc: Step 4400, Loss: 0.440688
2025-06-17 10:36:45,362 [INFO] vcham.lvc: Step 4500, Loss: 0.438888
2025-06-17 10:36:45,391 [INFO] vcham.lvc: Step 4600, Loss: 0.437111
2025-06-17 10:36:45,435 [INFO] vcham.lvc: Step 4700, Loss: 0.435357
2025-06-17 10:36:45,464 [INFO] vcham.lvc: Step 4800, Loss: 0.433626
2025-06-17 10:36:45,493 [INFO] vcham.lvc: Step 4900, Loss: 0.431915
2025-06-17 10:36:45,522 [INFO] vcham.lvc: Step 5000, Loss: 0.430224
2025-06-17 10:36:45,552 [INFO] vcham.lvc: Step 5100, Loss: 0.428552
2025-06-17 10:36:45,581 [INFO] vcham.lvc: Step 5200, Loss: 0.426904
2025-06-17 10:36:45,609 [INFO] vcham.lvc: Step 5300, Loss: 0.425266
2025-06-17 10:36:45,638 [INFO] vcham.lvc: Step 5400, Loss: 0.423656
2025-06-17 10:36:45,667 [INFO] vcham.lvc: Step 5500, Loss: 0.422050
2025-06-17 10:36:45,695 [INFO] vcham.lvc: Step 5600, Loss: 0.420468
2025-06-17 10:36:45,724 [INFO] vcham.lvc: Step 5700, Loss: 0.418900
2025-06-17 10:36:45,753 [INFO] vcham.lvc: Step 5800, Loss: 0.417362
2025-06-17 10:36:45,782 [INFO] vcham.lvc: Step 5900, Loss: 0.415813
2025-06-17 10:36:45,811 [INFO] vcham.lvc: Step 6000, Loss: 0.414291
2025-06-17 10:36:45,839 [INFO] vcham.lvc: Step 6100, Loss: 0.412784
2025-06-17 10:36:45,868 [INFO] vcham.lvc: Step 6200, Loss: 0.411290
2025-06-17 10:36:45,897 [INFO] vcham.lvc: Step 6300, Loss: 0.409809
2025-06-17 10:36:45,925 [INFO] vcham.lvc: Step 6400, Loss: 0.408342
2025-06-17 10:36:45,955 [INFO] vcham.lvc: Step 6500, Loss: 0.406886
2025-06-17 10:36:45,983 [INFO] vcham.lvc: Step 6600, Loss: 0.405442
2025-06-17 10:36:46,012 [INFO] vcham.lvc: Step 6700, Loss: 0.404010
2025-06-17 10:36:46,041 [INFO] vcham.lvc: Step 6800, Loss: 0.402589
2025-06-17 10:36:46,070 [INFO] vcham.lvc: Step 6900, Loss: 0.401180
2025-06-17 10:36:46,238 [INFO] vcham.lvc: Final loss: 0.399794
2025-06-17 10:36:46,239 [INFO] vcham.lvc: Optimization completed in 2.41 seconds.
2025-06-17 10:37:08,845 [INFO] vcham.vcham_system: Total symmetry irrep: A'
2025-06-17 10:37:08,846 [INFO] vcham.vcham_system: Symmetry matrix successfully created.
2025-06-17 10:37:08,847 [INFO] vcham.vcham_system: Computed vertical energy shifts: [5.65868614 5.65868614]
2025-06-17 10:37:09,315 [INFO] vcham.lvc: 

----- Initializing LVC Hamiltonian Builder -----
2025-06-17 10:37:09,316 [INFO] vcham.lvc: Normal mode: 0
2025-06-17 10:37:09,320 [INFO] vcham.lvc: JT off-diagonal pairs: []
2025-06-17 10:37:09,321 [INFO] vcham.lvc: n_var_list (non-JT): [3, 3]
2025-06-17 10:37:09,322 [INFO] vcham.lvc: Total parameters to optimize: 6
2025-06-17 10:37:09,322 [INFO] vcham.lvc: Optimizing mode 0...
2025-06-17 10:37:09,628 [INFO] vcham.lvc: Step 0, Loss: 437.678833
2025-06-17 10:37:09,670 [INFO] vcham.lvc: Step 100, Loss: 104.523575
2025-06-17 10:37:09,700 [INFO] vcham.lvc: Step 200, Loss: 23.472307
2025-06-17 10:37:09,729 [INFO] vcham.lvc: Step 300, Loss: 3.967550
2025-06-17 10:37:09,758 [INFO] vcham.lvc: Step 400, Loss: 0.418074
2025-06-17 10:37:09,787 [INFO] vcham.lvc: Step 500, Loss: 0.377176
2025-06-17 10:37:09,816 [INFO] vcham.lvc: Step 600, Loss: 0.345982
2025-06-17 10:37:09,847 [INFO] vcham.lvc: Step 700, Loss: 0.320161
2025-06-17 10:37:09,876 [INFO] vcham.lvc: Step 800, Loss: 0.297960
2025-06-17 10:37:09,905 [INFO] vcham.lvc: Step 900, Loss: 0.278767
2025-06-17 10:37:09,934 [INFO] vcham.lvc: Step 1000, Loss: 0.262242
2025-06-17 10:37:09,964 [INFO] vcham.lvc: Step 1100, Loss: 0.248266
2025-06-17 10:37:09,993 [INFO] vcham.lvc: Step 1200, Loss: 0.236543
2025-06-17 10:37:10,025 [INFO] vcham.lvc: Step 1300, Loss: 0.226843
2025-06-17 10:37:10,059 [INFO] vcham.lvc: Step 1400, Loss: 0.218939
2025-06-17 10:37:10,092 [INFO] vcham.lvc: Step 1500, Loss: 0.212442
2025-06-17 10:37:10,124 [INFO] vcham.lvc: Step 1600, Loss: 0.207027
2025-06-17 10:37:10,157 [INFO] vcham.lvc: Step 1700, Loss: 0.202421
2025-06-17 10:37:10,189 [INFO] vcham.lvc: Step 1800, Loss: 0.198405
2025-06-17 10:37:10,220 [INFO] vcham.lvc: Step 1900, Loss: 0.194810
2025-06-17 10:37:10,251 [INFO] vcham.lvc: Step 2000, Loss: 0.191509
2025-06-17 10:37:10,281 [INFO] vcham.lvc: Step 2100, Loss: 0.188412
2025-06-17 10:37:10,310 [INFO] vcham.lvc: Step 2200, Loss: 0.185460
2025-06-17 10:37:10,339 [INFO] vcham.lvc: Step 2300, Loss: 0.182614
2025-06-17 10:37:10,369 [INFO] vcham.lvc: Step 2400, Loss: 0.179849
2025-06-17 10:37:10,398 [INFO] vcham.lvc: Step 2500, Loss: 0.177153
2025-06-17 10:37:10,427 [INFO] vcham.lvc: Step 2600, Loss: 0.174515
2025-06-17 10:37:10,457 [INFO] vcham.lvc: Step 2700, Loss: 0.171931
2025-06-17 10:37:10,485 [INFO] vcham.lvc: Step 2800, Loss: 0.169398
2025-06-17 10:37:10,516 [INFO] vcham.lvc: Step 2900, Loss: 0.166913
2025-06-17 10:37:10,549 [INFO] vcham.lvc: Step 3000, Loss: 0.164475
2025-06-17 10:37:10,582 [INFO] vcham.lvc: Step 3100, Loss: 0.162080
2025-06-17 10:37:10,615 [INFO] vcham.lvc: Step 3200, Loss: 0.159731
2025-06-17 10:37:10,647 [INFO] vcham.lvc: Step 3300, Loss: 0.157426
2025-06-17 10:37:10,679 [INFO] vcham.lvc: Step 3400, Loss: 0.155164
2025-06-17 10:37:10,711 [INFO] vcham.lvc: Step 3500, Loss: 0.152943
2025-06-17 10:37:10,741 [INFO] vcham.lvc: Step 3600, Loss: 0.150761
2025-06-17 10:37:10,771 [INFO] vcham.lvc: Step 3700, Loss: 0.148618
2025-06-17 10:37:10,801 [INFO] vcham.lvc: Step 3800, Loss: 0.146510
2025-06-17 10:37:10,830 [INFO] vcham.lvc: Step 3900, Loss: 0.144438
2025-06-17 10:37:10,859 [INFO] vcham.lvc: Step 4000, Loss: 0.142399
2025-06-17 10:37:10,887 [INFO] vcham.lvc: Step 4100, Loss: 0.140393
2025-06-17 10:37:10,916 [INFO] vcham.lvc: Step 4200, Loss: 0.138417
2025-06-17 10:37:10,945 [INFO] vcham.lvc: Step 4300, Loss: 0.136474
2025-06-17 10:37:10,990 [INFO] vcham.lvc: Step 4400, Loss: 0.134565
2025-06-17 10:37:11,019 [INFO] vcham.lvc: Step 4500, Loss: 0.132687
2025-06-17 10:37:11,049 [INFO] vcham.lvc: Step 4600, Loss: 0.130843
2025-06-17 10:37:11,077 [INFO] vcham.lvc: Step 4700, Loss: 0.129026
2025-06-17 10:37:11,106 [INFO] vcham.lvc: Step 4800, Loss: 0.127240
2025-06-17 10:37:11,135 [INFO] vcham.lvc: Step 4900, Loss: 0.125481
2025-06-17 10:37:11,164 [INFO] vcham.lvc: Step 5000, Loss: 0.123750
2025-06-17 10:37:11,193 [INFO] vcham.lvc: Step 5100, Loss: 0.122050
2025-06-17 10:37:11,226 [INFO] vcham.lvc: Step 5200, Loss: 0.120381
2025-06-17 10:37:11,258 [INFO] vcham.lvc: Step 5300, Loss: 0.118743
2025-06-17 10:37:11,291 [INFO] vcham.lvc: Step 5400, Loss: 0.117134
2025-06-17 10:37:11,323 [INFO] vcham.lvc: Step 5500, Loss: 0.115552
2025-06-17 10:37:11,354 [INFO] vcham.lvc: Step 5600, Loss: 0.114005
2025-06-17 10:37:11,386 [INFO] vcham.lvc: Step 5700, Loss: 0.112489
2025-06-17 10:37:11,418 [INFO] vcham.lvc: Step 5800, Loss: 0.111010
2025-06-17 10:37:11,450 [INFO] vcham.lvc: Step 5900, Loss: 0.109556
2025-06-17 10:37:11,482 [INFO] vcham.lvc: Step 6000, Loss: 0.108141
2025-06-17 10:37:11,511 [INFO] vcham.lvc: Step 6100, Loss: 0.106764
2025-06-17 10:37:11,541 [INFO] vcham.lvc: Step 6200, Loss: 0.105425
2025-06-17 10:37:11,570 [INFO] vcham.lvc: Step 6300, Loss: 0.104122
2025-06-17 10:37:11,599 [INFO] vcham.lvc: Step 6400, Loss: 0.102849
2025-06-17 10:37:11,628 [INFO] vcham.lvc: Step 6500, Loss: 0.101609
2025-06-17 10:37:11,657 [INFO] vcham.lvc: Step 6600, Loss: 0.100399
2025-06-17 10:37:11,686 [INFO] vcham.lvc: Step 6700, Loss: 0.099219
2025-06-17 10:37:11,716 [INFO] vcham.lvc: Step 6800, Loss: 0.098065
2025-06-17 10:37:11,781 [INFO] vcham.lvc: Step 6900, Loss: 0.096938
2025-06-17 10:37:11,962 [INFO] vcham.lvc: Final loss: 0.095847
2025-06-17 10:37:11,963 [INFO] vcham.lvc: Optimization completed in 2.49 seconds.
2025-06-17 10:37:25,056 [INFO] vcham.vcham_system: Total symmetry irrep: A'
2025-06-17 10:37:25,058 [INFO] vcham.vcham_system: Symmetry matrix successfully created.
2025-06-17 10:37:25,059 [INFO] vcham.vcham_system: Computed vertical energy shifts: [1.08275176e-11 5.65868614e+00]
2025-06-17 10:37:25,950 [INFO] vcham.lvc: 

----- Initializing LVC Hamiltonian Builder -----
2025-06-17 10:37:25,951 [INFO] vcham.lvc: Normal mode: 0
2025-06-17 10:37:25,957 [INFO] vcham.lvc: JT off-diagonal pairs: []
2025-06-17 10:37:25,958 [INFO] vcham.lvc: n_var_list (non-JT): [3, 3]
2025-06-17 10:37:25,960 [INFO] vcham.lvc: Total parameters to optimize: 6
2025-06-17 10:37:25,961 [INFO] vcham.lvc: Optimizing mode 0...
2025-06-17 10:37:26,267 [INFO] vcham.lvc: Step 0, Loss: 437.718567
2025-06-17 10:37:26,310 [INFO] vcham.lvc: Step 100, Loss: 104.557541
2025-06-17 10:37:26,339 [INFO] vcham.lvc: Step 200, Loss: 23.480787
2025-06-17 10:37:26,368 [INFO] vcham.lvc: Step 300, Loss: 3.830597
2025-06-17 10:37:26,425 [INFO] vcham.lvc: Step 400, Loss: 0.232904
2025-06-17 10:37:26,464 [INFO] vcham.lvc: Step 500, Loss: 0.193453
2025-06-17 10:37:26,494 [INFO] vcham.lvc: Step 600, Loss: 0.163423
2025-06-17 10:37:26,524 [INFO] vcham.lvc: Step 700, Loss: 0.138704
2025-06-17 10:37:26,553 [INFO] vcham.lvc: Step 800, Loss: 0.117632
2025-06-17 10:37:26,584 [INFO] vcham.lvc: Step 900, Loss: 0.099614
2025-06-17 10:37:26,617 [INFO] vcham.lvc: Step 1000, Loss: 0.084305
2025-06-17 10:37:26,650 [INFO] vcham.lvc: Step 1100, Loss: 0.071582
2025-06-17 10:37:26,683 [INFO] vcham.lvc: Step 1200, Loss: 0.061147
2025-06-17 10:37:26,715 [INFO] vcham.lvc: Step 1300, Loss: 0.052766
2025-06-17 10:37:26,746 [INFO] vcham.lvc: Step 1400, Loss: 0.046205
2025-06-17 10:37:26,775 [INFO] vcham.lvc: Step 1500, Loss: 0.041074
2025-06-17 10:37:26,805 [INFO] vcham.lvc: Step 1600, Loss: 0.037043
2025-06-17 10:37:26,834 [INFO] vcham.lvc: Step 1700, Loss: 0.033839
2025-06-17 10:37:26,863 [INFO] vcham.lvc: Step 1800, Loss: 0.031243
2025-06-17 10:37:26,892 [INFO] vcham.lvc: Step 1900, Loss: 0.029083
2025-06-17 10:37:26,922 [INFO] vcham.lvc: Step 2000, Loss: 0.027230
2025-06-17 10:37:26,953 [INFO] vcham.lvc: Step 2100, Loss: 0.025596
2025-06-17 10:37:26,983 [INFO] vcham.lvc: Step 2200, Loss: 0.024118
2025-06-17 10:37:27,012 [INFO] vcham.lvc: Step 2300, Loss: 0.022757
2025-06-17 10:37:27,042 [INFO] vcham.lvc: Step 2400, Loss: 0.021490
2025-06-17 10:37:27,074 [INFO] vcham.lvc: Step 2500, Loss: 0.020299
2025-06-17 10:37:27,106 [INFO] vcham.lvc: Step 2600, Loss: 0.019177
2025-06-17 10:37:27,136 [INFO] vcham.lvc: Step 2700, Loss: 0.018118
2025-06-17 10:37:27,168 [INFO] vcham.lvc: Step 2800, Loss: 0.017116
2025-06-17 10:37:27,199 [INFO] vcham.lvc: Step 2900, Loss: 0.016170
2025-06-17 10:37:27,231 [INFO] vcham.lvc: Step 3000, Loss: 0.015277
2025-06-17 10:37:27,260 [INFO] vcham.lvc: Step 3100, Loss: 0.014434
2025-06-17 10:37:27,289 [INFO] vcham.lvc: Step 3200, Loss: 0.013638
2025-06-17 10:37:27,318 [INFO] vcham.lvc: Step 3300, Loss: 0.012889
2025-06-17 10:37:27,347 [INFO] vcham.lvc: Step 3400, Loss: 0.012183
2025-06-17 10:37:27,392 [INFO] vcham.lvc: Step 3500, Loss: 0.011520
2025-06-17 10:37:27,422 [INFO] vcham.lvc: Step 3600, Loss: 0.010896
2025-06-17 10:37:27,451 [INFO] vcham.lvc: Step 3700, Loss: 0.010310
2025-06-17 10:37:27,480 [INFO] vcham.lvc: Step 3800, Loss: 0.009761
2025-06-17 10:37:27,509 [INFO] vcham.lvc: Step 3900, Loss: 0.009247
2025-06-17 10:37:27,537 [INFO] vcham.lvc: Step 4000, Loss: 0.008765
2025-06-17 10:37:27,566 [INFO] vcham.lvc: Step 4100, Loss: 0.008316
2025-06-17 10:37:27,595 [INFO] vcham.lvc: Step 4200, Loss: 0.007896
2025-06-17 10:37:27,624 [INFO] vcham.lvc: Step 4300, Loss: 0.007505
2025-06-17 10:37:27,653 [INFO] vcham.lvc: Step 4400, Loss: 0.007142
2025-06-17 10:37:27,681 [INFO] vcham.lvc: Step 4500, Loss: 0.006804
2025-06-17 10:37:27,711 [INFO] vcham.lvc: Step 4600, Loss: 0.006493
2025-06-17 10:37:27,740 [INFO] vcham.lvc: Step 4700, Loss: 0.006201
2025-06-17 10:37:27,768 [INFO] vcham.lvc: Step 4800, Loss: 0.005938
2025-06-17 10:37:27,797 [INFO] vcham.lvc: Step 4900, Loss: 0.005688
2025-06-17 10:37:27,826 [INFO] vcham.lvc: Step 5000, Loss: 0.005464
2025-06-17 10:37:27,855 [INFO] vcham.lvc: Step 5100, Loss: 0.005253
2025-06-17 10:37:27,883 [INFO] vcham.lvc: Step 5200, Loss: 0.005071
2025-06-17 10:37:27,912 [INFO] vcham.lvc: Step 5300, Loss: 0.004889
2025-06-17 10:37:27,941 [INFO] vcham.lvc: Step 5400, Loss: 0.004747
2025-06-17 10:37:27,970 [INFO] vcham.lvc: Step 5500, Loss: 0.004588
2025-06-17 10:37:27,999 [INFO] vcham.lvc: Step 5600, Loss: 0.004463
2025-06-17 10:37:28,028 [INFO] vcham.lvc: Step 5700, Loss: 0.004341
2025-06-17 10:37:28,057 [INFO] vcham.lvc: Step 5800, Loss: 0.004237
2025-06-17 10:37:28,086 [INFO] vcham.lvc: Step 5900, Loss: 0.004142
2025-06-17 10:37:28,115 [INFO] vcham.lvc: Step 6000, Loss: 0.004058
2025-06-17 10:37:28,144 [INFO] vcham.lvc: Step 6100, Loss: 0.003984
2025-06-17 10:37:28,173 [INFO] vcham.lvc: Step 6200, Loss: 0.003926
2025-06-17 10:37:28,202 [INFO] vcham.lvc: Step 6300, Loss: 0.003860
2025-06-17 10:37:28,231 [INFO] vcham.lvc: Step 6400, Loss: 0.003810
2025-06-17 10:37:28,260 [INFO] vcham.lvc: Step 6500, Loss: 0.003764
2025-06-17 10:37:28,289 [INFO] vcham.lvc: Step 6600, Loss: 0.003734
2025-06-17 10:37:28,318 [INFO] vcham.lvc: Step 6700, Loss: 0.003692
2025-06-17 10:37:28,347 [INFO] vcham.lvc: Step 6800, Loss: 0.003663
2025-06-17 10:37:28,375 [INFO] vcham.lvc: Step 6900, Loss: 0.003639
2025-06-17 10:37:28,546 [INFO] vcham.lvc: Final loss: 0.003626
2025-06-17 10:37:28,547 [INFO] vcham.lvc: Optimization completed in 2.44 seconds.
2025-06-17 10:37:45,999 [INFO] vcham.vcham_system: Reference geometry updated.
2025-06-17 10:37:49,899 [INFO] vcham.vcham_system: Dipole matrix updated.
2025-06-17 10:37:49,902 [INFO] vcham.utils: Warning: Overwriting existing file model_sigma_plus.json
2025-06-17 10:37:49,904 [INFO] vcham.utils: Data successfully saved to model_sigma_plus.json
2025-06-17 10:37:49,905 [INFO] vcham.utils: No interactions found.
2025-06-17 10:37:49,906 [INFO] vcham.utils: MCTDH operator file successfully written to: model_sigma_plus.op
2025-06-17 10:37:55,225 [INFO] vcham.utils: Reading 2 JSON files and merging them.
2025-06-17 10:37:55,227 [INFO] vcham.utils: 
Molecule 0 new geometry in the fixed lab frame: 
[[ 0.   0.  -0.5]
 [ 0.   0.   0.5]] 

2025-06-17 10:37:55,228 [INFO] vcham.utils: 
Molecule 1 new geometry in the fixed lab frame: 
[[ 0.   0.  -0.5]
 [ 0.   0.   0.5]] 

2025-06-17 10:37:55,229 [INFO] vcham.utils: Calculating dipole interaction for pair Molecule0 - Molecule1

2025-06-17 10:37:55,232 [INFO] vcham.utils: Warning: Overwriting existing file 2mol_model_sigma_plus.json
2025-06-17 10:37:55,234 [INFO] vcham.utils: Data successfully saved to 2mol_model_sigma_plus.json
2025-06-17 10:37:55,236 [INFO] vcham.utils: Interactions found!
2025-06-17 10:37:55,236 [INFO] vcham.utils: Dipole interactions found!
2025-06-17 10:37:55,237 [INFO] vcham.utils: MCTDH operator file successfully written to: 2mol_model_sigma_plus.op
