2025-06-17 13:23:56,752 [INFO] root: Logging configuration successfully loaded.
2025-06-17 13:24:43,165 [INFO] vcham.vcham_system: Total symmetry irrep: A'
2025-06-17 13:24:43,166 [INFO] vcham.symm_vcham: Jahn-Teller effect detected, applying 2 effects
2025-06-17 13:24:43,167 [INFO] vcham.vcham_system: Symmetry matrix successfully created.
2025-06-17 13:24:43,168 [INFO] vcham.vcham_system: Computed vertical energy shifts: [0.         0.01619812]
2025-06-17 13:24:44,246 [INFO] vcham.lvc: 

----- Initializing LVC Hamiltonian Builder -----
2025-06-17 13:24:44,247 [INFO] vcham.lvc: Normal mode: 0
2025-06-17 13:24:44,255 [INFO] vcham.lvc: JT off-diagonal pairs: [[0, 1]]
2025-06-17 13:24:44,261 [INFO] vcham.lvc: Total parameters to optimize: 2
2025-06-17 13:24:44,262 [INFO] vcham.lvc: Optimizing mode 0...
2025-06-17 13:24:45,234 [INFO] vcham.lvc: Step 0, Loss: 8.535259
2025-06-17 13:24:45,294 [INFO] vcham.lvc: Step 100, Loss: 6.840737
2025-06-17 13:24:45,341 [INFO] vcham.lvc: Step 200, Loss: 5.148804
2025-06-17 13:24:45,387 [INFO] vcham.lvc: Step 300, Loss: 3.461690
2025-06-17 13:24:45,431 [INFO] vcham.lvc: Step 400, Loss: 1.787459
2025-06-17 13:24:45,475 [INFO] vcham.lvc: Step 500, Loss: 0.202611
2025-06-17 13:24:45,519 [INFO] vcham.lvc: Step 600, Loss: 0.000159
2025-06-17 13:24:45,562 [INFO] vcham.lvc: Step 700, Loss: 0.000159
2025-06-17 13:24:45,607 [INFO] vcham.lvc: Step 800, Loss: 0.000159
2025-06-17 13:24:45,651 [INFO] vcham.lvc: Step 900, Loss: 0.000159
2025-06-17 13:24:45,695 [INFO] vcham.lvc: Step 1000, Loss: 0.000159
2025-06-17 13:24:45,740 [INFO] vcham.lvc: Step 1100, Loss: 0.000159
2025-06-17 13:24:45,784 [INFO] vcham.lvc: Step 1200, Loss: 0.000159
2025-06-17 13:24:45,828 [INFO] vcham.lvc: Step 1300, Loss: 0.000159
2025-06-17 13:24:45,872 [INFO] vcham.lvc: Step 1400, Loss: 0.000159
2025-06-17 13:24:45,915 [INFO] vcham.lvc: Step 1500, Loss: 0.000159
2025-06-17 13:24:45,959 [INFO] vcham.lvc: Step 1600, Loss: 0.000159
2025-06-17 13:24:46,003 [INFO] vcham.lvc: Step 1700, Loss: 0.000159
2025-06-17 13:24:46,046 [INFO] vcham.lvc: Step 1800, Loss: 0.000159
2025-06-17 13:24:46,091 [INFO] vcham.lvc: Step 1900, Loss: 0.000159
2025-06-17 13:24:46,134 [INFO] vcham.lvc: Step 2000, Loss: 0.000159
2025-06-17 13:24:46,179 [INFO] vcham.lvc: Step 2100, Loss: 0.000159
2025-06-17 13:24:46,223 [INFO] vcham.lvc: Step 2200, Loss: 0.000159
2025-06-17 13:24:46,266 [INFO] vcham.lvc: Step 2300, Loss: 0.000159
2025-06-17 13:24:46,309 [INFO] vcham.lvc: Step 2400, Loss: 0.000159
2025-06-17 13:24:46,351 [INFO] vcham.lvc: Step 2500, Loss: 0.000159
2025-06-17 13:24:46,394 [INFO] vcham.lvc: Step 2600, Loss: 0.000159
2025-06-17 13:24:46,436 [INFO] vcham.lvc: Step 2700, Loss: 0.000159
2025-06-17 13:24:46,479 [INFO] vcham.lvc: Step 2800, Loss: 0.000159
2025-06-17 13:24:46,522 [INFO] vcham.lvc: Step 2900, Loss: 0.000159
2025-06-17 13:24:46,565 [INFO] vcham.lvc: Step 3000, Loss: 0.000159
2025-06-17 13:24:46,607 [INFO] vcham.lvc: Step 3100, Loss: 0.000159
2025-06-17 13:24:46,649 [INFO] vcham.lvc: Step 3200, Loss: 0.000159
2025-06-17 13:24:46,693 [INFO] vcham.lvc: Step 3300, Loss: 0.000159
2025-06-17 13:24:46,735 [INFO] vcham.lvc: Step 3400, Loss: 0.000159
2025-06-17 13:24:46,778 [INFO] vcham.lvc: Step 3500, Loss: 0.000159
2025-06-17 13:24:46,820 [INFO] vcham.lvc: Step 3600, Loss: 0.000159
2025-06-17 13:24:46,862 [INFO] vcham.lvc: Step 3700, Loss: 0.000159
2025-06-17 13:24:46,905 [INFO] vcham.lvc: Step 3800, Loss: 0.000159
2025-06-17 13:24:46,947 [INFO] vcham.lvc: Step 3900, Loss: 0.000159
2025-06-17 13:24:46,990 [INFO] vcham.lvc: Step 4000, Loss: 0.000159
2025-06-17 13:24:47,034 [INFO] vcham.lvc: Step 4100, Loss: 0.000159
2025-06-17 13:24:47,076 [INFO] vcham.lvc: Step 4200, Loss: 0.000159
2025-06-17 13:24:47,119 [INFO] vcham.lvc: Step 4300, Loss: 0.000159
2025-06-17 13:24:47,161 [INFO] vcham.lvc: Step 4400, Loss: 0.000159
2025-06-17 13:24:47,204 [INFO] vcham.lvc: Step 4500, Loss: 0.000159
2025-06-17 13:24:47,246 [INFO] vcham.lvc: Step 4600, Loss: 0.000159
2025-06-17 13:24:47,288 [INFO] vcham.lvc: Step 4700, Loss: 0.000159
2025-06-17 13:24:47,331 [INFO] vcham.lvc: Step 4800, Loss: 0.000159
2025-06-17 13:24:47,373 [INFO] vcham.lvc: Step 4900, Loss: 0.000159
2025-06-17 13:24:47,594 [INFO] vcham.vcham_system: Stored JT parameters for mode 0: {'on': array([-0.02821378], dtype=float32), 'off': array([0.04355574], dtype=float32)}
2025-06-17 13:24:47,597 [INFO] vcham.lvc: Saved JT parameters for mode 0.
2025-06-17 13:24:47,599 [INFO] vcham.lvc: Final loss: 0.000160
2025-06-17 13:24:47,600 [INFO] vcham.lvc: Optimization completed in 3.17 seconds.
2025-06-17 13:24:47,608 [INFO] vcham.lvc: 

----- Initializing LVC Hamiltonian Builder -----
2025-06-17 13:24:47,609 [INFO] vcham.lvc: Normal mode: 1
2025-06-17 13:24:47,615 [INFO] vcham.lvc: JT off-diagonal pairs: []
2025-06-17 13:24:47,621 [INFO] vcham.lvc: Total parameters to optimize: 2
2025-06-17 13:24:47,621 [INFO] vcham.lvc: Skipping optimization: mode inactive or no parameters.
2025-06-17 13:24:47,754 [INFO] vcham.lvc: 

----- Initializing LVC Hamiltonian Builder -----
2025-06-17 13:24:47,755 [INFO] vcham.lvc: Normal mode: 2
2025-06-17 13:24:47,756 [INFO] vcham.lvc: JT off-diagonal pairs: []
2025-06-17 13:24:47,757 [INFO] vcham.lvc: n_var_list (non-JT): [3, 3]
2025-06-17 13:24:47,759 [INFO] vcham.lvc: Total parameters to optimize: 6
2025-06-17 13:24:47,759 [INFO] vcham.lvc: Optimizing mode 2...
2025-06-17 13:24:48,182 [INFO] vcham.lvc: Step 0, Loss: 6044.231445
2025-06-17 13:24:48,237 [INFO] vcham.lvc: Step 100, Loss: 940.675049
2025-06-17 13:24:48,278 [INFO] vcham.lvc: Step 200, Loss: 144.578339
2025-06-17 13:24:48,320 [INFO] vcham.lvc: Step 300, Loss: 19.798859
2025-06-17 13:24:48,362 [INFO] vcham.lvc: Step 400, Loss: 1.039244
2025-06-17 13:24:48,404 [INFO] vcham.lvc: Step 500, Loss: 0.006001
2025-06-17 13:24:48,447 [INFO] vcham.lvc: Step 600, Loss: 0.005834
2025-06-17 13:24:48,489 [INFO] vcham.lvc: Step 700, Loss: 0.005660
2025-06-17 13:24:48,531 [INFO] vcham.lvc: Step 800, Loss: 0.005475
2025-06-17 13:24:48,573 [INFO] vcham.lvc: Step 900, Loss: 0.005279
2025-06-17 13:24:48,614 [INFO] vcham.lvc: Step 1000, Loss: 0.005074
2025-06-17 13:24:48,656 [INFO] vcham.lvc: Step 1100, Loss: 0.004861
2025-06-17 13:24:48,698 [INFO] vcham.lvc: Step 1200, Loss: 0.004642
2025-06-17 13:24:48,740 [INFO] vcham.lvc: Step 1300, Loss: 0.004418
2025-06-17 13:24:48,782 [INFO] vcham.lvc: Step 1400, Loss: 0.004189
2025-06-17 13:24:48,824 [INFO] vcham.lvc: Step 1500, Loss: 0.003959
2025-06-17 13:24:48,865 [INFO] vcham.lvc: Step 1600, Loss: 0.003726
2025-06-17 13:24:48,907 [INFO] vcham.lvc: Step 1700, Loss: 0.003494
2025-06-17 13:24:48,949 [INFO] vcham.lvc: Step 1800, Loss: 0.003264
2025-06-17 13:24:48,991 [INFO] vcham.lvc: Step 1900, Loss: 0.003036
2025-06-17 13:24:49,032 [INFO] vcham.lvc: Step 2000, Loss: 0.002811
2025-06-17 13:24:49,073 [INFO] vcham.lvc: Step 2100, Loss: 0.002592
2025-06-17 13:24:49,116 [INFO] vcham.lvc: Step 2200, Loss: 0.002379
2025-06-17 13:24:49,157 [INFO] vcham.lvc: Step 2300, Loss: 0.002174
2025-06-17 13:24:49,197 [INFO] vcham.lvc: Step 2400, Loss: 0.001977
2025-06-17 13:24:49,238 [INFO] vcham.lvc: Step 2500, Loss: 0.001789
2025-06-17 13:24:49,278 [INFO] vcham.lvc: Step 2600, Loss: 0.001611
2025-06-17 13:24:49,318 [INFO] vcham.lvc: Step 2700, Loss: 0.001444
2025-06-17 13:24:49,358 [INFO] vcham.lvc: Step 2800, Loss: 0.001289
2025-06-17 13:24:49,399 [INFO] vcham.lvc: Step 2900, Loss: 0.001146
2025-06-17 13:24:49,440 [INFO] vcham.lvc: Step 3000, Loss: 0.001015
2025-06-17 13:24:49,480 [INFO] vcham.lvc: Step 3100, Loss: 0.000896
2025-06-17 13:24:49,520 [INFO] vcham.lvc: Step 3200, Loss: 0.000790
2025-06-17 13:24:49,560 [INFO] vcham.lvc: Step 3300, Loss: 0.000697
2025-06-17 13:24:49,601 [INFO] vcham.lvc: Step 3400, Loss: 0.000615
2025-06-17 13:24:49,642 [INFO] vcham.lvc: Step 3500, Loss: 0.000544
2025-06-17 13:24:49,682 [INFO] vcham.lvc: Step 3600, Loss: 0.000484
2025-06-17 13:24:49,722 [INFO] vcham.lvc: Step 3700, Loss: 0.000435
2025-06-17 13:24:49,763 [INFO] vcham.lvc: Step 3800, Loss: 0.000394
2025-06-17 13:24:49,804 [INFO] vcham.lvc: Step 3900, Loss: 0.000361
2025-06-17 13:24:49,844 [INFO] vcham.lvc: Step 4000, Loss: 0.000335
2025-06-17 13:24:49,885 [INFO] vcham.lvc: Step 4100, Loss: 0.000314
2025-06-17 13:24:49,925 [INFO] vcham.lvc: Step 4200, Loss: 0.000299
2025-06-17 13:24:49,966 [INFO] vcham.lvc: Step 4300, Loss: 0.000288
2025-06-17 13:24:50,006 [INFO] vcham.lvc: Step 4400, Loss: 0.000280
2025-06-17 13:24:50,046 [INFO] vcham.lvc: Step 4500, Loss: 0.000274
2025-06-17 13:24:50,087 [INFO] vcham.lvc: Step 4600, Loss: 0.000270
2025-06-17 13:24:50,127 [INFO] vcham.lvc: Step 4700, Loss: 0.000267
2025-06-17 13:24:50,167 [INFO] vcham.lvc: Step 4800, Loss: 0.000266
2025-06-17 13:24:50,208 [INFO] vcham.lvc: Step 4900, Loss: 0.000265
2025-06-17 13:24:50,390 [INFO] vcham.lvc: Final loss: 0.000269
2025-06-17 13:24:50,391 [INFO] vcham.lvc: Optimization completed in 2.49 seconds.
2025-06-17 13:24:52,304 [INFO] vcham.vcham_system: Reference geometry updated.
2025-06-17 13:24:52,308 [INFO] vcham.utils: Warning: Overwriting existing file results/lvc_li3.json
2025-06-17 13:24:52,310 [INFO] vcham.utils: Data successfully saved to results/lvc_li3.json
2025-06-17 13:24:52,311 [INFO] vcham.utils: No interactions found.
2025-06-17 13:24:52,312 [INFO] vcham.utils: MCTDH operator file successfully written to: results/lvc_li3.op
