2025-06-12 15:08:18,599 [INFO] root: Logging configuration successfully loaded.
2025-06-12 15:09:18,150 [INFO] vcham.vcham_system: Total symmetry irrep: A1
2025-06-12 15:09:18,152 [INFO] vcham.vcham_system: Symmetry matrix successfully created.
2025-06-12 15:09:18,154 [INFO] vcham.vcham_system: Computed vertical energy shifts: [  0.         286.13744955 288.26619766 290.20982616 291.78440159
 291.94332534]
2025-06-12 15:10:02,847 [INFO] vcham.lvc: 

----- Initializing LVC Hamiltonian Builder -----
2025-06-12 15:10:02,848 [INFO] vcham.lvc: Normal mode: 0
2025-06-12 15:10:02,857 [INFO] vcham.lvc: JT off-diagonal pairs: []
2025-06-12 15:10:02,858 [INFO] vcham.lvc: n_var_list (non-JT): [2, 2, 2, 2, 2, 2]
2025-06-12 15:10:02,860 [INFO] vcham.lvc: Total parameters to optimize: 15
2025-06-12 15:10:02,860 [INFO] vcham.lvc: Optimizing mode 0...
2025-06-12 15:10:03,969 [INFO] vcham.lvc: Step 0, Loss: 0.179962
2025-06-12 15:10:04,033 [INFO] vcham.lvc: Step 100, Loss: 0.058237
2025-06-12 15:10:04,082 [INFO] vcham.lvc: Step 200, Loss: 0.041933
2025-06-12 15:10:04,127 [INFO] vcham.lvc: Step 300, Loss: 0.039881
2025-06-12 15:10:04,169 [INFO] vcham.lvc: Step 400, Loss: 0.039013
2025-06-12 15:10:04,213 [INFO] vcham.lvc: Step 500, Loss: 0.038350
2025-06-12 15:10:04,256 [INFO] vcham.lvc: Step 600, Loss: 0.037896
2025-06-12 15:10:04,299 [INFO] vcham.lvc: Step 700, Loss: 0.037653
2025-06-12 15:10:04,342 [INFO] vcham.lvc: Step 800, Loss: 0.037556
2025-06-12 15:10:04,385 [INFO] vcham.lvc: Step 900, Loss: 0.037524
2025-06-12 15:10:04,432 [INFO] vcham.lvc: Step 1000, Loss: 0.037514
2025-06-12 15:10:04,478 [INFO] vcham.lvc: Step 1100, Loss: 0.037491
2025-06-12 15:10:04,525 [INFO] vcham.lvc: Step 1200, Loss: 0.037487
2025-06-12 15:10:04,571 [INFO] vcham.lvc: Step 1300, Loss: 0.037486
2025-06-12 15:10:04,617 [INFO] vcham.lvc: Step 1400, Loss: 0.037491
2025-06-12 15:10:04,660 [INFO] vcham.lvc: Step 1500, Loss: 0.037485
2025-06-12 15:10:04,704 [INFO] vcham.lvc: Step 1600, Loss: 0.037479
2025-06-12 15:10:04,746 [INFO] vcham.lvc: Step 1700, Loss: 0.037477
2025-06-12 15:10:04,788 [INFO] vcham.lvc: Step 1800, Loss: 0.037475
2025-06-12 15:10:04,831 [INFO] vcham.lvc: Step 1900, Loss: 0.037472
2025-06-12 15:10:04,873 [INFO] vcham.lvc: Step 2000, Loss: 0.037470
2025-06-12 15:10:04,918 [INFO] vcham.lvc: Step 2100, Loss: 0.037480
2025-06-12 15:10:04,964 [INFO] vcham.lvc: Step 2200, Loss: 0.037468
2025-06-12 15:10:05,011 [INFO] vcham.lvc: Step 2300, Loss: 0.037469
2025-06-12 15:10:05,058 [INFO] vcham.lvc: Step 2400, Loss: 0.037471
2025-06-12 15:10:05,104 [INFO] vcham.lvc: Step 2500, Loss: 0.037469
2025-06-12 15:10:05,150 [INFO] vcham.lvc: Step 2600, Loss: 0.037472
2025-06-12 15:10:05,195 [INFO] vcham.lvc: Step 2700, Loss: 0.037470
2025-06-12 15:10:05,239 [INFO] vcham.lvc: Step 2800, Loss: 0.037468
2025-06-12 15:10:05,285 [INFO] vcham.lvc: Step 2900, Loss: 0.037468
2025-06-12 15:10:05,331 [INFO] vcham.lvc: Step 3000, Loss: 0.037467
2025-06-12 15:10:05,377 [INFO] vcham.lvc: Step 3100, Loss: 0.037473
2025-06-12 15:10:05,424 [INFO] vcham.lvc: Step 3200, Loss: 0.037469
2025-06-12 15:10:05,471 [INFO] vcham.lvc: Step 3300, Loss: 0.037466
2025-06-12 15:10:05,517 [INFO] vcham.lvc: Step 3400, Loss: 0.037467
2025-06-12 15:10:05,563 [INFO] vcham.lvc: Step 3500, Loss: 0.037468
2025-06-12 15:10:05,608 [INFO] vcham.lvc: Step 3600, Loss: 0.037468
2025-06-12 15:10:05,654 [INFO] vcham.lvc: Step 3700, Loss: 0.037469
2025-06-12 15:10:05,701 [INFO] vcham.lvc: Step 3800, Loss: 0.037470
2025-06-12 15:10:05,748 [INFO] vcham.lvc: Step 3900, Loss: 0.037469
2025-06-12 15:10:06,076 [INFO] vcham.lvc: Final loss: 0.037462
2025-06-12 15:10:06,076 [INFO] vcham.lvc: Optimization completed in 2.93 seconds.
2025-06-12 15:10:06,080 [INFO] vcham.lvc: 

----- Initializing LVC Hamiltonian Builder -----
2025-06-12 15:10:06,081 [INFO] vcham.lvc: Normal mode: 1
2025-06-12 15:10:06,084 [INFO] vcham.lvc: JT off-diagonal pairs: []
2025-06-12 15:10:06,085 [INFO] vcham.lvc: n_var_list (non-JT): [3, 3, 3, 3, 3, 3]
2025-06-12 15:10:06,087 [INFO] vcham.lvc: Total parameters to optimize: 18
2025-06-12 15:10:06,087 [INFO] vcham.lvc: Optimizing mode 1...
2025-06-12 15:10:06,728 [INFO] vcham.lvc: Step 0, Loss: 1.651416
2025-06-12 15:10:06,809 [INFO] vcham.lvc: Step 100, Loss: 0.274157
2025-06-12 15:10:06,856 [INFO] vcham.lvc: Step 200, Loss: 0.270668
2025-06-12 15:10:06,901 [INFO] vcham.lvc: Step 300, Loss: 0.267484
2025-06-12 15:10:06,947 [INFO] vcham.lvc: Step 400, Loss: 0.264919
2025-06-12 15:10:06,993 [INFO] vcham.lvc: Step 500, Loss: 0.261997
2025-06-12 15:10:07,041 [INFO] vcham.lvc: Step 600, Loss: 0.259706
2025-06-12 15:10:07,087 [INFO] vcham.lvc: Step 700, Loss: 0.257991
2025-06-12 15:10:07,133 [INFO] vcham.lvc: Step 800, Loss: 0.256269
2025-06-12 15:10:07,179 [INFO] vcham.lvc: Step 900, Loss: 0.254598
2025-06-12 15:10:07,225 [INFO] vcham.lvc: Step 1000, Loss: 0.253046
2025-06-12 15:10:07,269 [INFO] vcham.lvc: Step 1100, Loss: 0.252559
2025-06-12 15:10:07,316 [INFO] vcham.lvc: Step 1200, Loss: 0.249697
2025-06-12 15:10:07,362 [INFO] vcham.lvc: Step 1300, Loss: 0.248165
2025-06-12 15:10:07,407 [INFO] vcham.lvc: Step 1400, Loss: 0.246274
2025-06-12 15:10:07,451 [INFO] vcham.lvc: Step 1500, Loss: 0.245282
2025-06-12 15:10:07,497 [INFO] vcham.lvc: Step 1600, Loss: 0.244088
2025-06-12 15:10:07,542 [INFO] vcham.lvc: Step 1700, Loss: 0.243270
2025-06-12 15:10:07,587 [INFO] vcham.lvc: Step 1800, Loss: 0.242651
2025-06-12 15:10:07,633 [INFO] vcham.lvc: Step 1900, Loss: 0.241807
2025-06-12 15:10:07,677 [INFO] vcham.lvc: Step 2000, Loss: 0.241000
2025-06-12 15:10:07,721 [INFO] vcham.lvc: Step 2100, Loss: 0.238381
2025-06-12 15:10:07,764 [INFO] vcham.lvc: Step 2200, Loss: 0.234756
2025-06-12 15:10:07,805 [INFO] vcham.lvc: Step 2300, Loss: 0.232058
2025-06-12 15:10:07,847 [INFO] vcham.lvc: Step 2400, Loss: 0.229481
2025-06-12 15:10:07,889 [INFO] vcham.lvc: Step 2500, Loss: 0.227410
2025-06-12 15:10:07,930 [INFO] vcham.lvc: Step 2600, Loss: 0.225233
2025-06-12 15:10:07,972 [INFO] vcham.lvc: Step 2700, Loss: 0.222448
2025-06-12 15:10:08,012 [INFO] vcham.lvc: Step 2800, Loss: 0.220163
2025-06-12 15:10:08,053 [INFO] vcham.lvc: Step 2900, Loss: 0.213418
2025-06-12 15:10:08,095 [INFO] vcham.lvc: Step 3000, Loss: 0.203289
2025-06-12 15:10:08,142 [INFO] vcham.lvc: Step 3100, Loss: 0.200183
2025-06-12 15:10:08,188 [INFO] vcham.lvc: Step 3200, Loss: 0.198534
2025-06-12 15:10:08,232 [INFO] vcham.lvc: Step 3300, Loss: 0.197715
2025-06-12 15:10:08,277 [INFO] vcham.lvc: Step 3400, Loss: 0.196909
2025-06-12 15:10:08,381 [INFO] vcham.lvc: Step 3500, Loss: 0.196995
2025-06-12 15:10:08,423 [INFO] vcham.lvc: Step 3600, Loss: 0.195449
2025-06-12 15:10:08,465 [INFO] vcham.lvc: Step 3700, Loss: 0.194750
2025-06-12 15:10:08,506 [INFO] vcham.lvc: Step 3800, Loss: 0.194055
2025-06-12 15:10:08,548 [INFO] vcham.lvc: Step 3900, Loss: 0.193626
2025-06-12 15:10:08,847 [INFO] vcham.lvc: Final loss: 0.193197
2025-06-12 15:10:08,847 [INFO] vcham.lvc: Optimization completed in 2.50 seconds.
2025-06-12 15:10:08,850 [INFO] vcham.lvc: 

----- Initializing LVC Hamiltonian Builder -----
2025-06-12 15:10:08,850 [INFO] vcham.lvc: Normal mode: 2
2025-06-12 15:10:08,853 [INFO] vcham.lvc: JT off-diagonal pairs: []
2025-06-12 15:10:08,854 [INFO] vcham.lvc: n_var_list (non-JT): [3, 3, 3, 3, 3, 3]
2025-06-12 15:10:08,855 [INFO] vcham.lvc: Total parameters to optimize: 18
2025-06-12 15:10:08,855 [INFO] vcham.lvc: Optimizing mode 2...
2025-06-12 15:10:09,354 [INFO] vcham.lvc: Step 0, Loss: 0.022956
2025-06-12 15:10:09,417 [INFO] vcham.lvc: Step 100, Loss: 0.018869
2025-06-12 15:10:09,466 [INFO] vcham.lvc: Step 200, Loss: 0.018864
2025-06-12 15:10:09,511 [INFO] vcham.lvc: Step 300, Loss: 0.018849
2025-06-12 15:10:09,556 [INFO] vcham.lvc: Step 400, Loss: 0.018835
2025-06-12 15:10:09,600 [INFO] vcham.lvc: Step 500, Loss: 0.018836
2025-06-12 15:10:09,645 [INFO] vcham.lvc: Step 600, Loss: 0.018815
2025-06-12 15:10:09,690 [INFO] vcham.lvc: Step 700, Loss: 0.018807
2025-06-12 15:10:09,735 [INFO] vcham.lvc: Step 800, Loss: 0.018832
2025-06-12 15:10:09,780 [INFO] vcham.lvc: Step 900, Loss: 0.018796
2025-06-12 15:10:09,824 [INFO] vcham.lvc: Step 1000, Loss: 0.018803
2025-06-12 15:10:09,869 [INFO] vcham.lvc: Step 1100, Loss: 0.018793
2025-06-12 15:10:09,914 [INFO] vcham.lvc: Step 1200, Loss: 0.018787
2025-06-12 15:10:09,958 [INFO] vcham.lvc: Step 1300, Loss: 0.018851
2025-06-12 15:10:10,003 [INFO] vcham.lvc: Step 1400, Loss: 0.018788
2025-06-12 15:10:10,047 [INFO] vcham.lvc: Step 1500, Loss: 0.018785
2025-06-12 15:10:10,091 [INFO] vcham.lvc: Step 1600, Loss: 0.018827
2025-06-12 15:10:10,135 [INFO] vcham.lvc: Step 1700, Loss: 0.018807
2025-06-12 15:10:10,180 [INFO] vcham.lvc: Step 1800, Loss: 0.018789
2025-06-12 15:10:10,224 [INFO] vcham.lvc: Step 1900, Loss: 0.018791
2025-06-12 15:10:10,268 [INFO] vcham.lvc: Step 2000, Loss: 0.018826
2025-06-12 15:10:10,313 [INFO] vcham.lvc: Step 2100, Loss: 0.018802
2025-06-12 15:10:10,357 [INFO] vcham.lvc: Step 2200, Loss: 0.018783
2025-06-12 15:10:10,401 [INFO] vcham.lvc: Step 2300, Loss: 0.018780
2025-06-12 15:10:10,445 [INFO] vcham.lvc: Step 2400, Loss: 0.018786
2025-06-12 15:10:10,493 [INFO] vcham.lvc: Step 2500, Loss: 0.018780
2025-06-12 15:10:10,542 [INFO] vcham.lvc: Step 2600, Loss: 0.018814
2025-06-12 15:10:10,589 [INFO] vcham.lvc: Step 2700, Loss: 0.018790
2025-06-12 15:10:10,637 [INFO] vcham.lvc: Step 2800, Loss: 0.018780
2025-06-12 15:10:10,682 [INFO] vcham.lvc: Step 2900, Loss: 0.018780
2025-06-12 15:10:10,727 [INFO] vcham.lvc: Step 3000, Loss: 0.018779
2025-06-12 15:10:10,771 [INFO] vcham.lvc: Step 3100, Loss: 0.018779
2025-06-12 15:10:10,816 [INFO] vcham.lvc: Step 3200, Loss: 0.018809
2025-06-12 15:10:10,860 [INFO] vcham.lvc: Step 3300, Loss: 0.018795
2025-06-12 15:10:10,905 [INFO] vcham.lvc: Step 3400, Loss: 0.018789
2025-06-12 15:10:10,949 [INFO] vcham.lvc: Step 3500, Loss: 0.018788
2025-06-12 15:10:10,993 [INFO] vcham.lvc: Step 3600, Loss: 0.018780
2025-06-12 15:10:11,038 [INFO] vcham.lvc: Step 3700, Loss: 0.018781
2025-06-12 15:10:11,082 [INFO] vcham.lvc: Step 3800, Loss: 0.018781
2025-06-12 15:10:11,127 [INFO] vcham.lvc: Step 3900, Loss: 0.018781
2025-06-12 15:10:11,171 [INFO] vcham.lvc: Step 4000, Loss: 0.018778
2025-06-12 15:10:11,215 [INFO] vcham.lvc: Step 4100, Loss: 0.018797
2025-06-12 15:10:11,259 [INFO] vcham.lvc: Step 4200, Loss: 0.018780
2025-06-12 15:10:11,326 [INFO] vcham.lvc: Step 4300, Loss: 0.018824
2025-06-12 15:10:11,369 [INFO] vcham.lvc: Step 4400, Loss: 0.018778
2025-06-12 15:10:11,412 [INFO] vcham.lvc: Step 4500, Loss: 0.018778
2025-06-12 15:10:11,455 [INFO] vcham.lvc: Step 4600, Loss: 0.018804
2025-06-12 15:10:11,500 [INFO] vcham.lvc: Step 4700, Loss: 0.018788
2025-06-12 15:10:11,544 [INFO] vcham.lvc: Step 4800, Loss: 0.018778
2025-06-12 15:10:11,588 [INFO] vcham.lvc: Step 4900, Loss: 0.018779
2025-06-12 15:10:11,633 [INFO] vcham.lvc: Step 5000, Loss: 0.018779
2025-06-12 15:10:11,677 [INFO] vcham.lvc: Step 5100, Loss: 0.018780
2025-06-12 15:10:11,721 [INFO] vcham.lvc: Step 5200, Loss: 0.018816
2025-06-12 15:10:11,766 [INFO] vcham.lvc: Step 5300, Loss: 0.018780
2025-06-12 15:10:11,809 [INFO] vcham.lvc: Step 5400, Loss: 0.018780
2025-06-12 15:10:11,853 [INFO] vcham.lvc: Step 5500, Loss: 0.018778
2025-06-12 15:10:11,898 [INFO] vcham.lvc: Step 5600, Loss: 0.018781
2025-06-12 15:10:11,942 [INFO] vcham.lvc: Step 5700, Loss: 0.018783
2025-06-12 15:10:11,986 [INFO] vcham.lvc: Step 5800, Loss: 0.018793
2025-06-12 15:10:12,030 [INFO] vcham.lvc: Step 5900, Loss: 0.018827
2025-06-12 15:10:12,074 [INFO] vcham.lvc: Step 6000, Loss: 0.018780
2025-06-12 15:10:12,119 [INFO] vcham.lvc: Step 6100, Loss: 0.018779
2025-06-12 15:10:12,163 [INFO] vcham.lvc: Step 6200, Loss: 0.018806
2025-06-12 15:10:12,208 [INFO] vcham.lvc: Step 6300, Loss: 0.018778
2025-06-12 15:10:12,252 [INFO] vcham.lvc: Step 6400, Loss: 0.018785
2025-06-12 15:10:12,295 [INFO] vcham.lvc: Step 6500, Loss: 0.018803
2025-06-12 15:10:12,340 [INFO] vcham.lvc: Step 6600, Loss: 0.018778
2025-06-12 15:10:12,384 [INFO] vcham.lvc: Step 6700, Loss: 0.018781
2025-06-12 15:10:12,428 [INFO] vcham.lvc: Step 6800, Loss: 0.018779
2025-06-12 15:10:12,473 [INFO] vcham.lvc: Step 6900, Loss: 0.018782
2025-06-12 15:10:12,517 [INFO] vcham.lvc: Step 7000, Loss: 0.018817
2025-06-12 15:10:12,561 [INFO] vcham.lvc: Step 7100, Loss: 0.018791
2025-06-12 15:10:12,606 [INFO] vcham.lvc: Step 7200, Loss: 0.018779
2025-06-12 15:10:12,650 [INFO] vcham.lvc: Step 7300, Loss: 0.018786
2025-06-12 15:10:12,694 [INFO] vcham.lvc: Step 7400, Loss: 0.018804
2025-06-12 15:10:12,738 [INFO] vcham.lvc: Step 7500, Loss: 0.018780
2025-06-12 15:10:12,782 [INFO] vcham.lvc: Step 7600, Loss: 0.018778
2025-06-12 15:10:12,826 [INFO] vcham.lvc: Step 7700, Loss: 0.018778
2025-06-12 15:10:12,870 [INFO] vcham.lvc: Step 7800, Loss: 0.018795
2025-06-12 15:10:12,914 [INFO] vcham.lvc: Step 7900, Loss: 0.018778
2025-06-12 15:10:12,958 [INFO] vcham.lvc: Step 8000, Loss: 0.018779
2025-06-12 15:10:13,002 [INFO] vcham.lvc: Step 8100, Loss: 0.018778
2025-06-12 15:10:13,047 [INFO] vcham.lvc: Step 8200, Loss: 0.018778
2025-06-12 15:10:13,091 [INFO] vcham.lvc: Step 8300, Loss: 0.018817
2025-06-12 15:10:13,135 [INFO] vcham.lvc: Step 8400, Loss: 0.018791
2025-06-12 15:10:13,179 [INFO] vcham.lvc: Step 8500, Loss: 0.018779
2025-06-12 15:10:13,224 [INFO] vcham.lvc: Step 8600, Loss: 0.018778
2025-06-12 15:10:13,268 [INFO] vcham.lvc: Step 8700, Loss: 0.018778
2025-06-12 15:10:13,313 [INFO] vcham.lvc: Step 8800, Loss: 0.018780
2025-06-12 15:10:13,357 [INFO] vcham.lvc: Step 8900, Loss: 0.018779
2025-06-12 15:10:13,400 [INFO] vcham.lvc: Step 9000, Loss: 0.018782
2025-06-12 15:10:13,445 [INFO] vcham.lvc: Step 9100, Loss: 0.018780
2025-06-12 15:10:13,489 [INFO] vcham.lvc: Step 9200, Loss: 0.018780
2025-06-12 15:10:13,533 [INFO] vcham.lvc: Step 9300, Loss: 0.018782
2025-06-12 15:10:13,577 [INFO] vcham.lvc: Step 9400, Loss: 0.018781
2025-06-12 15:10:13,622 [INFO] vcham.lvc: Step 9500, Loss: 0.018778
2025-06-12 15:10:13,666 [INFO] vcham.lvc: Step 9600, Loss: 0.018778
2025-06-12 15:10:13,709 [INFO] vcham.lvc: Step 9700, Loss: 0.018779
2025-06-12 15:10:13,754 [INFO] vcham.lvc: Step 9800, Loss: 0.018846
2025-06-12 15:10:13,798 [INFO] vcham.lvc: Step 9900, Loss: 0.018780
2025-06-12 15:10:14,096 [INFO] vcham.lvc: Final loss: 0.018779
2025-06-12 15:10:14,097 [INFO] vcham.lvc: Optimization completed in 4.99 seconds.
2025-06-12 15:10:14,099 [INFO] vcham.lvc: 

----- Initializing LVC Hamiltonian Builder -----
2025-06-12 15:10:14,099 [INFO] vcham.lvc: Normal mode: 3
2025-06-12 15:10:14,104 [INFO] vcham.lvc: JT off-diagonal pairs: []
2025-06-12 15:10:14,105 [INFO] vcham.lvc: n_var_list (non-JT): [2, 2, 2, 2, 2, 2]
2025-06-12 15:10:14,106 [INFO] vcham.lvc: Total parameters to optimize: 17
2025-06-12 15:10:14,106 [INFO] vcham.lvc: Optimizing mode 3...
2025-06-12 15:10:14,632 [INFO] vcham.lvc: Step 0, Loss: 0.221031
2025-06-12 15:10:14,696 [INFO] vcham.lvc: Step 100, Loss: 0.064076
2025-06-12 15:10:14,740 [INFO] vcham.lvc: Step 200, Loss: 0.027827
2025-06-12 15:10:14,783 [INFO] vcham.lvc: Step 300, Loss: 0.024509
2025-06-12 15:10:14,826 [INFO] vcham.lvc: Step 400, Loss: 0.024356
2025-06-12 15:10:14,866 [INFO] vcham.lvc: Step 500, Loss: 0.024352
2025-06-12 15:10:14,906 [INFO] vcham.lvc: Step 600, Loss: 0.024352
2025-06-12 15:10:14,946 [INFO] vcham.lvc: Step 700, Loss: 0.024357
2025-06-12 15:10:14,986 [INFO] vcham.lvc: Step 800, Loss: 0.024352
2025-06-12 15:10:15,027 [INFO] vcham.lvc: Step 900, Loss: 0.024352
2025-06-12 15:10:15,066 [INFO] vcham.lvc: Step 1000, Loss: 0.024352
2025-06-12 15:10:15,105 [INFO] vcham.lvc: Step 1100, Loss: 0.024354
2025-06-12 15:10:15,146 [INFO] vcham.lvc: Step 1200, Loss: 0.024360
2025-06-12 15:10:15,185 [INFO] vcham.lvc: Step 1300, Loss: 0.024356
2025-06-12 15:10:15,228 [INFO] vcham.lvc: Step 1400, Loss: 0.024352
2025-06-12 15:10:15,273 [INFO] vcham.lvc: Step 1500, Loss: 0.024358
2025-06-12 15:10:15,316 [INFO] vcham.lvc: Step 1600, Loss: 0.024357
2025-06-12 15:10:15,359 [INFO] vcham.lvc: Step 1700, Loss: 0.024352
2025-06-12 15:10:15,401 [INFO] vcham.lvc: Step 1800, Loss: 0.024352
2025-06-12 15:10:15,442 [INFO] vcham.lvc: Step 1900, Loss: 0.024356
2025-06-12 15:10:15,482 [INFO] vcham.lvc: Step 2000, Loss: 0.024352
2025-06-12 15:10:15,543 [INFO] vcham.lvc: Step 2100, Loss: 0.024352
2025-06-12 15:10:15,583 [INFO] vcham.lvc: Step 2200, Loss: 0.024355
2025-06-12 15:10:15,623 [INFO] vcham.lvc: Step 2300, Loss: 0.024352
2025-06-12 15:10:15,663 [INFO] vcham.lvc: Step 2400, Loss: 0.024353
2025-06-12 15:10:15,703 [INFO] vcham.lvc: Step 2500, Loss: 0.024356
2025-06-12 15:10:15,743 [INFO] vcham.lvc: Step 2600, Loss: 0.024365
2025-06-12 15:10:15,783 [INFO] vcham.lvc: Step 2700, Loss: 0.024352
2025-06-12 15:10:15,823 [INFO] vcham.lvc: Step 2800, Loss: 0.024352
2025-06-12 15:10:15,862 [INFO] vcham.lvc: Step 2900, Loss: 0.024353
2025-06-12 15:10:15,902 [INFO] vcham.lvc: Step 3000, Loss: 0.024359
2025-06-12 15:10:15,942 [INFO] vcham.lvc: Step 3100, Loss: 0.024352
2025-06-12 15:10:15,982 [INFO] vcham.lvc: Step 3200, Loss: 0.024352
2025-06-12 15:10:16,022 [INFO] vcham.lvc: Step 3300, Loss: 0.024352
2025-06-12 15:10:16,061 [INFO] vcham.lvc: Step 3400, Loss: 0.024357
2025-06-12 15:10:16,101 [INFO] vcham.lvc: Step 3500, Loss: 0.024352
2025-06-12 15:10:16,142 [INFO] vcham.lvc: Step 3600, Loss: 0.024353
2025-06-12 15:10:16,185 [INFO] vcham.lvc: Step 3700, Loss: 0.024356
2025-06-12 15:10:16,229 [INFO] vcham.lvc: Step 3800, Loss: 0.024355
2025-06-12 15:10:16,272 [INFO] vcham.lvc: Step 3900, Loss: 0.024352
2025-06-12 15:10:16,315 [INFO] vcham.lvc: Step 4000, Loss: 0.024353
2025-06-12 15:10:16,358 [INFO] vcham.lvc: Step 4100, Loss: 0.024352
2025-06-12 15:10:16,399 [INFO] vcham.lvc: Step 4200, Loss: 0.024353
2025-06-12 15:10:16,439 [INFO] vcham.lvc: Step 4300, Loss: 0.024359
2025-06-12 15:10:16,479 [INFO] vcham.lvc: Step 4400, Loss: 0.024354
2025-06-12 15:10:16,518 [INFO] vcham.lvc: Step 4500, Loss: 0.024359
2025-06-12 15:10:16,558 [INFO] vcham.lvc: Step 4600, Loss: 0.024352
2025-06-12 15:10:16,598 [INFO] vcham.lvc: Step 4700, Loss: 0.024352
2025-06-12 15:10:16,638 [INFO] vcham.lvc: Step 4800, Loss: 0.024352
2025-06-12 15:10:16,678 [INFO] vcham.lvc: Step 4900, Loss: 0.024352
2025-06-12 15:10:16,718 [INFO] vcham.lvc: Step 5000, Loss: 0.024352
2025-06-12 15:10:16,758 [INFO] vcham.lvc: Step 5100, Loss: 0.024356
2025-06-12 15:10:16,799 [INFO] vcham.lvc: Step 5200, Loss: 0.024352
2025-06-12 15:10:16,839 [INFO] vcham.lvc: Step 5300, Loss: 0.024352
2025-06-12 15:10:16,879 [INFO] vcham.lvc: Step 5400, Loss: 0.024354
2025-06-12 15:10:16,919 [INFO] vcham.lvc: Step 5500, Loss: 0.024352
2025-06-12 15:10:16,959 [INFO] vcham.lvc: Step 5600, Loss: 0.024352
2025-06-12 15:10:16,999 [INFO] vcham.lvc: Step 5700, Loss: 0.024352
2025-06-12 15:10:17,039 [INFO] vcham.lvc: Step 5800, Loss: 0.024352
2025-06-12 15:10:17,079 [INFO] vcham.lvc: Step 5900, Loss: 0.024352
2025-06-12 15:10:17,119 [INFO] vcham.lvc: Step 6000, Loss: 0.024356
2025-06-12 15:10:17,159 [INFO] vcham.lvc: Step 6100, Loss: 0.024352
2025-06-12 15:10:17,199 [INFO] vcham.lvc: Step 6200, Loss: 0.024352
2025-06-12 15:10:17,239 [INFO] vcham.lvc: Step 6300, Loss: 0.024352
2025-06-12 15:10:17,279 [INFO] vcham.lvc: Step 6400, Loss: 0.024353
2025-06-12 15:10:17,319 [INFO] vcham.lvc: Step 6500, Loss: 0.024352
2025-06-12 15:10:17,359 [INFO] vcham.lvc: Step 6600, Loss: 0.024352
2025-06-12 15:10:17,399 [INFO] vcham.lvc: Step 6700, Loss: 0.024353
2025-06-12 15:10:17,439 [INFO] vcham.lvc: Step 6800, Loss: 0.024355
2025-06-12 15:10:17,479 [INFO] vcham.lvc: Step 6900, Loss: 0.024354
2025-06-12 15:10:17,518 [INFO] vcham.lvc: Step 7000, Loss: 0.024352
2025-06-12 15:10:17,558 [INFO] vcham.lvc: Step 7100, Loss: 0.024354
2025-06-12 15:10:17,598 [INFO] vcham.lvc: Step 7200, Loss: 0.024353
2025-06-12 15:10:17,638 [INFO] vcham.lvc: Step 7300, Loss: 0.024352
2025-06-12 15:10:17,678 [INFO] vcham.lvc: Step 7400, Loss: 0.024358
2025-06-12 15:10:17,718 [INFO] vcham.lvc: Step 7500, Loss: 0.024352
2025-06-12 15:10:17,759 [INFO] vcham.lvc: Step 7600, Loss: 0.024354
2025-06-12 15:10:17,798 [INFO] vcham.lvc: Step 7700, Loss: 0.024354
2025-06-12 15:10:17,838 [INFO] vcham.lvc: Step 7800, Loss: 0.024353
2025-06-12 15:10:17,879 [INFO] vcham.lvc: Step 7900, Loss: 0.024353
2025-06-12 15:10:17,919 [INFO] vcham.lvc: Step 8000, Loss: 0.024352
2025-06-12 15:10:17,959 [INFO] vcham.lvc: Step 8100, Loss: 0.024352
2025-06-12 15:10:17,999 [INFO] vcham.lvc: Step 8200, Loss: 0.024352
2025-06-12 15:10:18,039 [INFO] vcham.lvc: Step 8300, Loss: 0.024352
2025-06-12 15:10:18,080 [INFO] vcham.lvc: Step 8400, Loss: 0.024352
2025-06-12 15:10:18,120 [INFO] vcham.lvc: Step 8500, Loss: 0.024352
2025-06-12 15:10:18,160 [INFO] vcham.lvc: Step 8600, Loss: 0.024356
2025-06-12 15:10:18,201 [INFO] vcham.lvc: Step 8700, Loss: 0.024352
2025-06-12 15:10:18,241 [INFO] vcham.lvc: Step 8800, Loss: 0.024357
2025-06-12 15:10:18,281 [INFO] vcham.lvc: Step 8900, Loss: 0.024352
2025-06-12 15:10:18,321 [INFO] vcham.lvc: Step 9000, Loss: 0.024357
2025-06-12 15:10:18,361 [INFO] vcham.lvc: Step 9100, Loss: 0.024352
2025-06-12 15:10:18,405 [INFO] vcham.lvc: Step 9200, Loss: 0.024352
2025-06-12 15:10:18,450 [INFO] vcham.lvc: Step 9300, Loss: 0.024352
2025-06-12 15:10:18,494 [INFO] vcham.lvc: Step 9400, Loss: 0.024353
2025-06-12 15:10:18,538 [INFO] vcham.lvc: Step 9500, Loss: 0.024358
2025-06-12 15:10:18,582 [INFO] vcham.lvc: Step 9600, Loss: 0.024353
2025-06-12 15:10:18,626 [INFO] vcham.lvc: Step 9700, Loss: 0.024352
2025-06-12 15:10:18,667 [INFO] vcham.lvc: Step 9800, Loss: 0.024354
2025-06-12 15:10:18,707 [INFO] vcham.lvc: Step 9900, Loss: 0.024352
2025-06-12 15:10:19,061 [INFO] vcham.lvc: Final loss: 0.024352
2025-06-12 15:10:19,061 [INFO] vcham.lvc: Optimization completed in 4.64 seconds.
2025-06-12 15:10:19,066 [INFO] vcham.lvc: 

----- Initializing LVC Hamiltonian Builder -----
2025-06-12 15:10:19,066 [INFO] vcham.lvc: Normal mode: 4
2025-06-12 15:10:19,070 [INFO] vcham.lvc: JT off-diagonal pairs: []
2025-06-12 15:10:19,070 [INFO] vcham.lvc: n_var_list (non-JT): [2, 2, 2, 2, 2, 2]
2025-06-12 15:10:19,071 [INFO] vcham.lvc: Total parameters to optimize: 15
2025-06-12 15:10:19,072 [INFO] vcham.lvc: Optimizing mode 4...
2025-06-12 15:10:19,626 [INFO] vcham.lvc: Step 0, Loss: 0.239988
2025-06-12 15:10:19,689 [INFO] vcham.lvc: Step 100, Loss: 0.057590
2025-06-12 15:10:19,736 [INFO] vcham.lvc: Step 200, Loss: 0.016199
2025-06-12 15:10:19,808 [INFO] vcham.lvc: Step 300, Loss: 0.007152
2025-06-12 15:10:19,852 [INFO] vcham.lvc: Step 400, Loss: 0.005080
2025-06-12 15:10:19,895 [INFO] vcham.lvc: Step 500, Loss: 0.004471
2025-06-12 15:10:19,937 [INFO] vcham.lvc: Step 600, Loss: 0.004227
2025-06-12 15:10:19,979 [INFO] vcham.lvc: Step 700, Loss: 0.004105
2025-06-12 15:10:20,022 [INFO] vcham.lvc: Step 800, Loss: 0.004035
2025-06-12 15:10:20,064 [INFO] vcham.lvc: Step 900, Loss: 0.003991
2025-06-12 15:10:20,107 [INFO] vcham.lvc: Step 1000, Loss: 0.003963
2025-06-12 15:10:20,154 [INFO] vcham.lvc: Step 1100, Loss: 0.003943
2025-06-12 15:10:20,201 [INFO] vcham.lvc: Step 1200, Loss: 0.003932
2025-06-12 15:10:20,246 [INFO] vcham.lvc: Step 1300, Loss: 0.003919
2025-06-12 15:10:20,291 [INFO] vcham.lvc: Step 1400, Loss: 0.003913
2025-06-12 15:10:20,333 [INFO] vcham.lvc: Step 1500, Loss: 0.003908
2025-06-12 15:10:20,375 [INFO] vcham.lvc: Step 1600, Loss: 0.003906
2025-06-12 15:10:20,418 [INFO] vcham.lvc: Step 1700, Loss: 0.003903
2025-06-12 15:10:20,460 [INFO] vcham.lvc: Step 1800, Loss: 0.003901
2025-06-12 15:10:20,502 [INFO] vcham.lvc: Step 1900, Loss: 0.003899
2025-06-12 15:10:20,544 [INFO] vcham.lvc: Step 2000, Loss: 0.003897
2025-06-12 15:10:20,585 [INFO] vcham.lvc: Step 2100, Loss: 0.003902
2025-06-12 15:10:20,627 [INFO] vcham.lvc: Step 2200, Loss: 0.003897
2025-06-12 15:10:20,669 [INFO] vcham.lvc: Step 2300, Loss: 0.003899
2025-06-12 15:10:20,712 [INFO] vcham.lvc: Step 2400, Loss: 0.003898
2025-06-12 15:10:20,756 [INFO] vcham.lvc: Step 2500, Loss: 0.003898
2025-06-12 15:10:20,802 [INFO] vcham.lvc: Step 2600, Loss: 0.003900
2025-06-12 15:10:20,848 [INFO] vcham.lvc: Step 2700, Loss: 0.003898
2025-06-12 15:10:20,893 [INFO] vcham.lvc: Step 2800, Loss: 0.003900
2025-06-12 15:10:20,937 [INFO] vcham.lvc: Step 2900, Loss: 0.003897
2025-06-12 15:10:20,979 [INFO] vcham.lvc: Step 3000, Loss: 0.003899
2025-06-12 15:10:21,021 [INFO] vcham.lvc: Step 3100, Loss: 0.003900
2025-06-12 15:10:21,063 [INFO] vcham.lvc: Step 3200, Loss: 0.003899
2025-06-12 15:10:21,105 [INFO] vcham.lvc: Step 3300, Loss: 0.003898
2025-06-12 15:10:21,147 [INFO] vcham.lvc: Step 3400, Loss: 0.003898
2025-06-12 15:10:21,188 [INFO] vcham.lvc: Step 3500, Loss: 0.003900
2025-06-12 15:10:21,231 [INFO] vcham.lvc: Step 3600, Loss: 0.003902
2025-06-12 15:10:21,272 [INFO] vcham.lvc: Step 3700, Loss: 0.003898
2025-06-12 15:10:21,314 [INFO] vcham.lvc: Step 3800, Loss: 0.003914
2025-06-12 15:10:21,356 [INFO] vcham.lvc: Step 3900, Loss: 0.003899
2025-06-12 15:10:21,398 [INFO] vcham.lvc: Step 4000, Loss: 0.003900
2025-06-12 15:10:21,441 [INFO] vcham.lvc: Step 4100, Loss: 0.003901
2025-06-12 15:10:21,488 [INFO] vcham.lvc: Step 4200, Loss: 0.003898
2025-06-12 15:10:21,534 [INFO] vcham.lvc: Step 4300, Loss: 0.003901
2025-06-12 15:10:21,580 [INFO] vcham.lvc: Step 4400, Loss: 0.003898
2025-06-12 15:10:21,625 [INFO] vcham.lvc: Step 4500, Loss: 0.003901
2025-06-12 15:10:21,667 [INFO] vcham.lvc: Step 4600, Loss: 0.003898
2025-06-12 15:10:21,709 [INFO] vcham.lvc: Step 4700, Loss: 0.003904
2025-06-12 15:10:21,752 [INFO] vcham.lvc: Step 4800, Loss: 0.003899
2025-06-12 15:10:21,795 [INFO] vcham.lvc: Step 4900, Loss: 0.003899
2025-06-12 15:10:21,837 [INFO] vcham.lvc: Step 5000, Loss: 0.003899
2025-06-12 15:10:21,879 [INFO] vcham.lvc: Step 5100, Loss: 0.003900
2025-06-12 15:10:21,922 [INFO] vcham.lvc: Step 5200, Loss: 0.003899
2025-06-12 15:10:21,964 [INFO] vcham.lvc: Step 5300, Loss: 0.003898
2025-06-12 15:10:22,011 [INFO] vcham.lvc: Step 5400, Loss: 0.003898
2025-06-12 15:10:22,057 [INFO] vcham.lvc: Step 5500, Loss: 0.003898
2025-06-12 15:10:22,102 [INFO] vcham.lvc: Step 5600, Loss: 0.003901
2025-06-12 15:10:22,148 [INFO] vcham.lvc: Step 5700, Loss: 0.003899
2025-06-12 15:10:22,194 [INFO] vcham.lvc: Step 5800, Loss: 0.003901
2025-06-12 15:10:22,237 [INFO] vcham.lvc: Step 5900, Loss: 0.003899
2025-06-12 15:10:22,279 [INFO] vcham.lvc: Step 6000, Loss: 0.003903
2025-06-12 15:10:22,322 [INFO] vcham.lvc: Step 6100, Loss: 0.003898
2025-06-12 15:10:22,364 [INFO] vcham.lvc: Step 6200, Loss: 0.003898
2025-06-12 15:10:22,406 [INFO] vcham.lvc: Step 6300, Loss: 0.003898
2025-06-12 15:10:22,447 [INFO] vcham.lvc: Step 6400, Loss: 0.003902
2025-06-12 15:10:22,490 [INFO] vcham.lvc: Step 6500, Loss: 0.003897
2025-06-12 15:10:22,532 [INFO] vcham.lvc: Step 6600, Loss: 0.003899
2025-06-12 15:10:22,574 [INFO] vcham.lvc: Step 6700, Loss: 0.003898
2025-06-12 15:10:22,621 [INFO] vcham.lvc: Step 6800, Loss: 0.003899
2025-06-12 15:10:22,666 [INFO] vcham.lvc: Step 6900, Loss: 0.003898
2025-06-12 15:10:22,712 [INFO] vcham.lvc: Step 7000, Loss: 0.003899
2025-06-12 15:10:22,758 [INFO] vcham.lvc: Step 7100, Loss: 0.003899
2025-06-12 15:10:22,800 [INFO] vcham.lvc: Step 7200, Loss: 0.003900
2025-06-12 15:10:22,843 [INFO] vcham.lvc: Step 7300, Loss: 0.003899
2025-06-12 15:10:22,885 [INFO] vcham.lvc: Step 7400, Loss: 0.003898
2025-06-12 15:10:22,927 [INFO] vcham.lvc: Step 7500, Loss: 0.003901
2025-06-12 15:10:22,971 [INFO] vcham.lvc: Step 7600, Loss: 0.003901
2025-06-12 15:10:23,013 [INFO] vcham.lvc: Step 7700, Loss: 0.003899
2025-06-12 15:10:23,056 [INFO] vcham.lvc: Step 7800, Loss: 0.003897
2025-06-12 15:10:23,098 [INFO] vcham.lvc: Step 7900, Loss: 0.003898
2025-06-12 15:10:23,141 [INFO] vcham.lvc: Step 8000, Loss: 0.003899
2025-06-12 15:10:23,209 [INFO] vcham.lvc: Step 8100, Loss: 0.003898
2025-06-12 15:10:23,256 [INFO] vcham.lvc: Step 8200, Loss: 0.003912
2025-06-12 15:10:23,301 [INFO] vcham.lvc: Step 8300, Loss: 0.003900
2025-06-12 15:10:23,347 [INFO] vcham.lvc: Step 8400, Loss: 0.003902
2025-06-12 15:10:23,389 [INFO] vcham.lvc: Step 8500, Loss: 0.003904
2025-06-12 15:10:23,433 [INFO] vcham.lvc: Step 8600, Loss: 0.003899
2025-06-12 15:10:23,479 [INFO] vcham.lvc: Step 8700, Loss: 0.003899
2025-06-12 15:10:23,525 [INFO] vcham.lvc: Step 8800, Loss: 0.003898
2025-06-12 15:10:23,568 [INFO] vcham.lvc: Step 8900, Loss: 0.003898
2025-06-12 15:10:23,610 [INFO] vcham.lvc: Step 9000, Loss: 0.003900
2025-06-12 15:10:23,653 [INFO] vcham.lvc: Step 9100, Loss: 0.003919
2025-06-12 15:10:23,695 [INFO] vcham.lvc: Step 9200, Loss: 0.003898
2025-06-12 15:10:23,737 [INFO] vcham.lvc: Step 9300, Loss: 0.003898
2025-06-12 15:10:23,783 [INFO] vcham.lvc: Step 9400, Loss: 0.003898
2025-06-12 15:10:23,830 [INFO] vcham.lvc: Step 9500, Loss: 0.003902
2025-06-12 15:10:23,876 [INFO] vcham.lvc: Step 9600, Loss: 0.003901
2025-06-12 15:10:23,922 [INFO] vcham.lvc: Step 9700, Loss: 0.003898
2025-06-12 15:10:23,968 [INFO] vcham.lvc: Step 9800, Loss: 0.003902
2025-06-12 15:10:24,013 [INFO] vcham.lvc: Step 9900, Loss: 0.003898
2025-06-12 15:10:24,321 [INFO] vcham.lvc: Final loss: 0.003901
2025-06-12 15:10:24,322 [INFO] vcham.lvc: Optimization completed in 4.99 seconds.
2025-06-12 15:10:24,324 [INFO] vcham.lvc: 

----- Initializing LVC Hamiltonian Builder -----
2025-06-12 15:10:24,325 [INFO] vcham.lvc: Normal mode: 5
2025-06-12 15:10:24,328 [INFO] vcham.lvc: JT off-diagonal pairs: []
2025-06-12 15:10:24,328 [INFO] vcham.lvc: n_var_list (non-JT): [2, 2, 2, 2, 2, 2]
2025-06-12 15:10:24,329 [INFO] vcham.lvc: Total parameters to optimize: 15
2025-06-12 15:10:24,330 [INFO] vcham.lvc: Optimizing mode 5...
2025-06-12 15:10:24,892 [INFO] vcham.lvc: Step 0, Loss: 0.116723
2025-06-12 15:10:24,957 [INFO] vcham.lvc: Step 100, Loss: 0.019718
2025-06-12 15:10:25,000 [INFO] vcham.lvc: Step 200, Loss: 0.005754
2025-06-12 15:10:25,042 [INFO] vcham.lvc: Step 300, Loss: 0.001681
2025-06-12 15:10:25,085 [INFO] vcham.lvc: Step 400, Loss: 0.001322
2025-06-12 15:10:25,127 [INFO] vcham.lvc: Step 500, Loss: 0.001286
2025-06-12 15:10:25,169 [INFO] vcham.lvc: Step 600, Loss: 0.001271
2025-06-12 15:10:25,211 [INFO] vcham.lvc: Step 700, Loss: 0.001259
2025-06-12 15:10:25,254 [INFO] vcham.lvc: Step 800, Loss: 0.001252
2025-06-12 15:10:25,296 [INFO] vcham.lvc: Step 900, Loss: 0.001248
2025-06-12 15:10:25,338 [INFO] vcham.lvc: Step 1000, Loss: 0.001246
2025-06-12 15:10:25,380 [INFO] vcham.lvc: Step 1100, Loss: 0.001245
2025-06-12 15:10:25,422 [INFO] vcham.lvc: Step 1200, Loss: 0.001248
2025-06-12 15:10:25,465 [INFO] vcham.lvc: Step 1300, Loss: 0.001245
2025-06-12 15:10:25,511 [INFO] vcham.lvc: Step 1400, Loss: 0.001245
2025-06-12 15:10:25,557 [INFO] vcham.lvc: Step 1500, Loss: 0.001245
2025-06-12 15:10:25,603 [INFO] vcham.lvc: Step 1600, Loss: 0.001245
2025-06-12 15:10:25,650 [INFO] vcham.lvc: Step 1700, Loss: 0.001245
2025-06-12 15:10:25,694 [INFO] vcham.lvc: Step 1800, Loss: 0.001245
2025-06-12 15:10:25,737 [INFO] vcham.lvc: Step 1900, Loss: 0.001249
2025-06-12 15:10:25,779 [INFO] vcham.lvc: Step 2000, Loss: 0.001246
2025-06-12 15:10:25,821 [INFO] vcham.lvc: Step 2100, Loss: 0.001245
2025-06-12 15:10:25,864 [INFO] vcham.lvc: Step 2200, Loss: 0.001245
2025-06-12 15:10:25,906 [INFO] vcham.lvc: Step 2300, Loss: 0.001245
2025-06-12 15:10:25,948 [INFO] vcham.lvc: Step 2400, Loss: 0.001245
2025-06-12 15:10:25,991 [INFO] vcham.lvc: Step 2500, Loss: 0.001245
2025-06-12 15:10:26,033 [INFO] vcham.lvc: Step 2600, Loss: 0.001245
2025-06-12 15:10:26,076 [INFO] vcham.lvc: Step 2700, Loss: 0.001250
2025-06-12 15:10:26,118 [INFO] vcham.lvc: Step 2800, Loss: 0.001247
2025-06-12 15:10:26,160 [INFO] vcham.lvc: Step 2900, Loss: 0.001252
2025-06-12 15:10:26,203 [INFO] vcham.lvc: Step 3000, Loss: 0.001246
2025-06-12 15:10:26,245 [INFO] vcham.lvc: Step 3100, Loss: 0.001248
2025-06-12 15:10:26,287 [INFO] vcham.lvc: Step 3200, Loss: 0.001247
2025-06-12 15:10:26,329 [INFO] vcham.lvc: Step 3300, Loss: 0.001257
2025-06-12 15:10:26,373 [INFO] vcham.lvc: Step 3400, Loss: 0.001247
2025-06-12 15:10:26,415 [INFO] vcham.lvc: Step 3500, Loss: 0.001245
2025-06-12 15:10:26,457 [INFO] vcham.lvc: Step 3600, Loss: 0.001246
2025-06-12 15:10:26,500 [INFO] vcham.lvc: Step 3700, Loss: 0.001245
2025-06-12 15:10:26,542 [INFO] vcham.lvc: Step 3800, Loss: 0.001245
2025-06-12 15:10:26,585 [INFO] vcham.lvc: Step 3900, Loss: 0.001248
2025-06-12 15:10:26,627 [INFO] vcham.lvc: Step 4000, Loss: 0.001248
2025-06-12 15:10:26,670 [INFO] vcham.lvc: Step 4100, Loss: 0.001245
2025-06-12 15:10:26,713 [INFO] vcham.lvc: Step 4200, Loss: 0.001245
2025-06-12 15:10:26,755 [INFO] vcham.lvc: Step 4300, Loss: 0.001245
2025-06-12 15:10:26,798 [INFO] vcham.lvc: Step 4400, Loss: 0.001246
2025-06-12 15:10:26,841 [INFO] vcham.lvc: Step 4500, Loss: 0.001250
2025-06-12 15:10:26,883 [INFO] vcham.lvc: Step 4600, Loss: 0.001245
2025-06-12 15:10:26,925 [INFO] vcham.lvc: Step 4700, Loss: 0.001245
2025-06-12 15:10:26,967 [INFO] vcham.lvc: Step 4800, Loss: 0.001252
2025-06-12 15:10:27,010 [INFO] vcham.lvc: Step 4900, Loss: 0.001246
2025-06-12 15:10:27,052 [INFO] vcham.lvc: Step 5000, Loss: 0.001246
2025-06-12 15:10:27,095 [INFO] vcham.lvc: Step 5100, Loss: 0.001245
2025-06-12 15:10:27,137 [INFO] vcham.lvc: Step 5200, Loss: 0.001259
2025-06-12 15:10:27,180 [INFO] vcham.lvc: Step 5300, Loss: 0.001252
2025-06-12 15:10:27,243 [INFO] vcham.lvc: Step 5400, Loss: 0.001245
2025-06-12 15:10:27,286 [INFO] vcham.lvc: Step 5500, Loss: 0.001245
2025-06-12 15:10:27,329 [INFO] vcham.lvc: Step 5600, Loss: 0.001245
2025-06-12 15:10:27,371 [INFO] vcham.lvc: Step 5700, Loss: 0.001245
2025-06-12 15:10:27,413 [INFO] vcham.lvc: Step 5800, Loss: 0.001247
2025-06-12 15:10:27,456 [INFO] vcham.lvc: Step 5900, Loss: 0.001245
2025-06-12 15:10:27,498 [INFO] vcham.lvc: Step 6000, Loss: 0.001246
2025-06-12 15:10:27,540 [INFO] vcham.lvc: Step 6100, Loss: 0.001246
2025-06-12 15:10:27,582 [INFO] vcham.lvc: Step 6200, Loss: 0.001247
2025-06-12 15:10:27,625 [INFO] vcham.lvc: Step 6300, Loss: 0.001252
2025-06-12 15:10:27,667 [INFO] vcham.lvc: Step 6400, Loss: 0.001251
2025-06-12 15:10:27,710 [INFO] vcham.lvc: Step 6500, Loss: 0.001258
2025-06-12 15:10:27,752 [INFO] vcham.lvc: Step 6600, Loss: 0.001246
2025-06-12 15:10:27,794 [INFO] vcham.lvc: Step 6700, Loss: 0.001246
2025-06-12 15:10:27,837 [INFO] vcham.lvc: Step 6800, Loss: 0.001247
2025-06-12 15:10:27,879 [INFO] vcham.lvc: Step 6900, Loss: 0.001245
2025-06-12 15:10:27,922 [INFO] vcham.lvc: Step 7000, Loss: 0.001247
2025-06-12 15:10:27,964 [INFO] vcham.lvc: Step 7100, Loss: 0.001245
2025-06-12 15:10:28,006 [INFO] vcham.lvc: Step 7200, Loss: 0.001245
2025-06-12 15:10:28,048 [INFO] vcham.lvc: Step 7300, Loss: 0.001246
2025-06-12 15:10:28,091 [INFO] vcham.lvc: Step 7400, Loss: 0.001251
2025-06-12 15:10:28,134 [INFO] vcham.lvc: Step 7500, Loss: 0.001245
2025-06-12 15:10:28,176 [INFO] vcham.lvc: Step 7600, Loss: 0.001250
2025-06-12 15:10:28,219 [INFO] vcham.lvc: Step 7700, Loss: 0.001247
2025-06-12 15:10:28,261 [INFO] vcham.lvc: Step 7800, Loss: 0.001246
2025-06-12 15:10:28,304 [INFO] vcham.lvc: Step 7900, Loss: 0.001249
2025-06-12 15:10:28,346 [INFO] vcham.lvc: Step 8000, Loss: 0.001253
2025-06-12 15:10:28,388 [INFO] vcham.lvc: Step 8100, Loss: 0.001245
2025-06-12 15:10:28,430 [INFO] vcham.lvc: Step 8200, Loss: 0.001245
2025-06-12 15:10:28,473 [INFO] vcham.lvc: Step 8300, Loss: 0.001245
2025-06-12 15:10:28,515 [INFO] vcham.lvc: Step 8400, Loss: 0.001245
2025-06-12 15:10:28,558 [INFO] vcham.lvc: Step 8500, Loss: 0.001244
2025-06-12 15:10:28,601 [INFO] vcham.lvc: Step 8600, Loss: 0.001245
2025-06-12 15:10:28,643 [INFO] vcham.lvc: Step 8700, Loss: 0.001245
2025-06-12 15:10:28,686 [INFO] vcham.lvc: Step 8800, Loss: 0.001246
2025-06-12 15:10:28,728 [INFO] vcham.lvc: Step 8900, Loss: 0.001245
2025-06-12 15:10:28,770 [INFO] vcham.lvc: Step 9000, Loss: 0.001263
2025-06-12 15:10:28,813 [INFO] vcham.lvc: Step 9100, Loss: 0.001253
2025-06-12 15:10:28,856 [INFO] vcham.lvc: Step 9200, Loss: 0.001250
2025-06-12 15:10:28,899 [INFO] vcham.lvc: Step 9300, Loss: 0.001245
2025-06-12 15:10:28,941 [INFO] vcham.lvc: Step 9400, Loss: 0.001245
2025-06-12 15:10:28,983 [INFO] vcham.lvc: Step 9500, Loss: 0.001246
2025-06-12 15:10:29,026 [INFO] vcham.lvc: Step 9600, Loss: 0.001245
2025-06-12 15:10:29,068 [INFO] vcham.lvc: Step 9700, Loss: 0.001246
2025-06-12 15:10:29,111 [INFO] vcham.lvc: Step 9800, Loss: 0.001245
2025-06-12 15:10:29,154 [INFO] vcham.lvc: Step 9900, Loss: 0.001247
2025-06-12 15:10:29,507 [INFO] vcham.lvc: Final loss: 0.001246
2025-06-12 15:10:29,507 [INFO] vcham.lvc: Optimization completed in 4.87 seconds.
2025-06-12 15:10:37,070 [INFO] vcham.utils: Warning: Overwriting existing file results/h2co.json
2025-06-12 15:10:37,073 [INFO] vcham.utils: Data successfully saved to results/h2co.json
2025-06-12 15:10:37,075 [INFO] vcham.utils: No interactions found.
2025-06-12 15:10:37,076 [INFO] vcham.utils: MCTDH operator file successfully written to: results/h2co.op
