2025-06-12 14:54:27,579 [INFO] root: Logging configuration successfully loaded.
2025-06-12 14:54:45,425 [INFO] vcham.vcham_system: Total symmetry irrep: A1
2025-06-12 14:54:45,427 [INFO] vcham.vcham_system: Symmetry matrix successfully created.
2025-06-12 14:54:45,428 [INFO] vcham.vcham_system: Computed vertical energy shifts: [  0.         288.40749632 288.40749632 289.67064887 290.27800701
 290.27800701 290.59991771 291.10060721 291.49898191]
2025-06-12 14:55:54,721 [INFO] vcham.lvc: 

----- Initializing LVC Hamiltonian Builder -----
2025-06-12 14:55:54,722 [INFO] vcham.lvc: Normal mode: 0
2025-06-12 14:55:54,755 [INFO] vcham.lvc: JT off-diagonal pairs: []
2025-06-12 14:55:54,756 [INFO] vcham.lvc: n_var_list (non-JT): [2, 2, 2, 2, 2, 2, 2, 2, 2]
2025-06-12 14:55:54,758 [INFO] vcham.lvc: Total parameters to optimize: 26
2025-06-12 14:55:54,758 [INFO] vcham.lvc: Optimizing mode 0...
2025-06-12 14:55:56,081 [INFO] vcham.lvc: Step 0, Loss: 0.035733
2025-06-12 14:55:56,200 [INFO] vcham.lvc: Step 100, Loss: 0.007170
2025-06-12 14:55:56,297 [INFO] vcham.lvc: Step 200, Loss: 0.006663
2025-06-12 14:55:56,393 [INFO] vcham.lvc: Step 300, Loss: 0.006560
2025-06-12 14:55:56,489 [INFO] vcham.lvc: Step 400, Loss: 0.006523
2025-06-12 14:55:56,591 [INFO] vcham.lvc: Step 500, Loss: 0.006510
2025-06-12 14:55:56,692 [INFO] vcham.lvc: Step 600, Loss: 0.006507
2025-06-12 14:55:56,793 [INFO] vcham.lvc: Step 700, Loss: 0.006504
2025-06-12 14:55:56,976 [INFO] vcham.lvc: Step 800, Loss: 0.006501
2025-06-12 14:55:57,075 [INFO] vcham.lvc: Step 900, Loss: 0.006499
2025-06-12 14:55:57,176 [INFO] vcham.lvc: Step 1000, Loss: 0.006495
2025-06-12 14:55:57,276 [INFO] vcham.lvc: Step 1100, Loss: 0.006489
2025-06-12 14:55:57,376 [INFO] vcham.lvc: Step 1200, Loss: 0.006480
2025-06-12 14:55:57,474 [INFO] vcham.lvc: Step 1300, Loss: 0.006470
2025-06-12 14:55:57,574 [INFO] vcham.lvc: Step 1400, Loss: 0.006461
2025-06-12 14:55:57,674 [INFO] vcham.lvc: Step 1500, Loss: 0.006455
2025-06-12 14:55:57,775 [INFO] vcham.lvc: Step 1600, Loss: 0.006456
2025-06-12 14:55:57,874 [INFO] vcham.lvc: Step 1700, Loss: 0.006456
2025-06-12 14:55:57,973 [INFO] vcham.lvc: Step 1800, Loss: 0.006456
2025-06-12 14:55:58,073 [INFO] vcham.lvc: Step 1900, Loss: 0.006455
2025-06-12 14:55:58,171 [INFO] vcham.lvc: Step 2000, Loss: 0.006456
2025-06-12 14:55:58,272 [INFO] vcham.lvc: Step 2100, Loss: 0.006455
2025-06-12 14:55:58,371 [INFO] vcham.lvc: Step 2200, Loss: 0.006456
2025-06-12 14:55:58,471 [INFO] vcham.lvc: Step 2300, Loss: 0.006454
2025-06-12 14:55:58,571 [INFO] vcham.lvc: Step 2400, Loss: 0.006455
2025-06-12 14:55:58,671 [INFO] vcham.lvc: Step 2500, Loss: 0.006456
2025-06-12 14:55:58,772 [INFO] vcham.lvc: Step 2600, Loss: 0.006455
2025-06-12 14:55:58,872 [INFO] vcham.lvc: Step 2700, Loss: 0.006455
2025-06-12 14:55:58,971 [INFO] vcham.lvc: Step 2800, Loss: 0.006455
2025-06-12 14:55:59,142 [INFO] vcham.lvc: Step 2900, Loss: 0.006456
2025-06-12 14:55:59,243 [INFO] vcham.lvc: Step 3000, Loss: 0.006456
2025-06-12 14:55:59,352 [INFO] vcham.lvc: Step 3100, Loss: 0.006455
2025-06-12 14:55:59,451 [INFO] vcham.lvc: Step 3200, Loss: 0.006455
2025-06-12 14:55:59,547 [INFO] vcham.lvc: Step 3300, Loss: 0.006456
2025-06-12 14:55:59,641 [INFO] vcham.lvc: Step 3400, Loss: 0.006455
2025-06-12 14:55:59,735 [INFO] vcham.lvc: Step 3500, Loss: 0.006455
2025-06-12 14:55:59,830 [INFO] vcham.lvc: Step 3600, Loss: 0.006455
2025-06-12 14:55:59,924 [INFO] vcham.lvc: Step 3700, Loss: 0.006455
2025-06-12 14:56:00,018 [INFO] vcham.lvc: Step 3800, Loss: 0.006455
2025-06-12 14:56:00,112 [INFO] vcham.lvc: Step 3900, Loss: 0.006455
2025-06-12 14:56:00,207 [INFO] vcham.lvc: Step 4000, Loss: 0.006455
2025-06-12 14:56:00,302 [INFO] vcham.lvc: Step 4100, Loss: 0.006455
2025-06-12 14:56:00,396 [INFO] vcham.lvc: Step 4200, Loss: 0.006455
2025-06-12 14:56:00,491 [INFO] vcham.lvc: Step 4300, Loss: 0.006456
2025-06-12 14:56:00,586 [INFO] vcham.lvc: Step 4400, Loss: 0.006455
2025-06-12 14:56:00,680 [INFO] vcham.lvc: Step 4500, Loss: 0.006455
2025-06-12 14:56:00,775 [INFO] vcham.lvc: Step 4600, Loss: 0.006455
2025-06-12 14:56:00,871 [INFO] vcham.lvc: Step 4700, Loss: 0.006455
2025-06-12 14:56:00,966 [INFO] vcham.lvc: Step 4800, Loss: 0.006456
2025-06-12 14:56:01,061 [INFO] vcham.lvc: Step 4900, Loss: 0.006456
2025-06-12 14:56:01,155 [INFO] vcham.lvc: Step 5000, Loss: 0.006455
2025-06-12 14:56:01,249 [INFO] vcham.lvc: Step 5100, Loss: 0.006455
2025-06-12 14:56:01,343 [INFO] vcham.lvc: Step 5200, Loss: 0.006455
2025-06-12 14:56:01,438 [INFO] vcham.lvc: Step 5300, Loss: 0.006455
2025-06-12 14:56:01,533 [INFO] vcham.lvc: Step 5400, Loss: 0.006456
2025-06-12 14:56:01,627 [INFO] vcham.lvc: Step 5500, Loss: 0.006455
2025-06-12 14:56:01,721 [INFO] vcham.lvc: Step 5600, Loss: 0.006455
2025-06-12 14:56:01,815 [INFO] vcham.lvc: Step 5700, Loss: 0.006454
2025-06-12 14:56:01,909 [INFO] vcham.lvc: Step 5800, Loss: 0.006455
2025-06-12 14:56:02,004 [INFO] vcham.lvc: Step 5900, Loss: 0.006455
2025-06-12 14:56:02,417 [INFO] vcham.lvc: Final loss: 0.006460
2025-06-12 14:56:02,417 [INFO] vcham.lvc: Optimization completed in 7.34 seconds.
2025-06-12 14:56:02,421 [INFO] vcham.lvc: 

----- Initializing LVC Hamiltonian Builder -----
2025-06-12 14:56:02,422 [INFO] vcham.lvc: Normal mode: 1
2025-06-12 14:56:02,426 [INFO] vcham.lvc: JT off-diagonal pairs: []
2025-06-12 14:56:02,426 [INFO] vcham.lvc: n_var_list (non-JT): [2, 2, 2, 2, 2, 2, 2, 2, 2]
2025-06-12 14:56:02,427 [INFO] vcham.lvc: Total parameters to optimize: 26
2025-06-12 14:56:02,427 [INFO] vcham.lvc: Optimizing mode 1...
2025-06-12 14:56:03,194 [INFO] vcham.lvc: Step 0, Loss: 0.033077
2025-06-12 14:56:03,311 [INFO] vcham.lvc: Step 100, Loss: 0.005592
2025-06-12 14:56:03,411 [INFO] vcham.lvc: Step 200, Loss: 0.005101
2025-06-12 14:56:03,510 [INFO] vcham.lvc: Step 300, Loss: 0.004953
2025-06-12 14:56:03,609 [INFO] vcham.lvc: Step 400, Loss: 0.004681
2025-06-12 14:56:03,708 [INFO] vcham.lvc: Step 500, Loss: 0.004162
2025-06-12 14:56:03,807 [INFO] vcham.lvc: Step 600, Loss: 0.003896
2025-06-12 14:56:03,905 [INFO] vcham.lvc: Step 700, Loss: 0.003760
2025-06-12 14:56:04,004 [INFO] vcham.lvc: Step 800, Loss: 0.003738
2025-06-12 14:56:04,102 [INFO] vcham.lvc: Step 900, Loss: 0.003704
2025-06-12 14:56:04,201 [INFO] vcham.lvc: Step 1000, Loss: 0.003642
2025-06-12 14:56:04,300 [INFO] vcham.lvc: Step 1100, Loss: 0.003578
2025-06-12 14:56:04,399 [INFO] vcham.lvc: Step 1200, Loss: 0.003554
2025-06-12 14:56:04,498 [INFO] vcham.lvc: Step 1300, Loss: 0.003548
2025-06-12 14:56:04,596 [INFO] vcham.lvc: Step 1400, Loss: 0.003544
2025-06-12 14:56:04,695 [INFO] vcham.lvc: Step 1500, Loss: 0.003544
2025-06-12 14:56:04,793 [INFO] vcham.lvc: Step 1600, Loss: 0.003543
2025-06-12 14:56:04,910 [INFO] vcham.lvc: Step 1700, Loss: 0.003542
2025-06-12 14:56:05,008 [INFO] vcham.lvc: Step 1800, Loss: 0.003543
2025-06-12 14:56:05,107 [INFO] vcham.lvc: Step 1900, Loss: 0.003542
2025-06-12 14:56:05,204 [INFO] vcham.lvc: Step 2000, Loss: 0.003543
2025-06-12 14:56:05,303 [INFO] vcham.lvc: Step 2100, Loss: 0.003543
2025-06-12 14:56:05,402 [INFO] vcham.lvc: Step 2200, Loss: 0.003543
2025-06-12 14:56:05,499 [INFO] vcham.lvc: Step 2300, Loss: 0.003543
2025-06-12 14:56:05,598 [INFO] vcham.lvc: Step 2400, Loss: 0.003543
2025-06-12 14:56:05,696 [INFO] vcham.lvc: Step 2500, Loss: 0.003543
2025-06-12 14:56:05,794 [INFO] vcham.lvc: Step 2600, Loss: 0.003543
2025-06-12 14:56:05,893 [INFO] vcham.lvc: Step 2700, Loss: 0.003543
2025-06-12 14:56:05,990 [INFO] vcham.lvc: Step 2800, Loss: 0.003543
2025-06-12 14:56:06,089 [INFO] vcham.lvc: Step 2900, Loss: 0.003543
2025-06-12 14:56:06,187 [INFO] vcham.lvc: Step 3000, Loss: 0.003543
2025-06-12 14:56:06,285 [INFO] vcham.lvc: Step 3100, Loss: 0.003543
2025-06-12 14:56:06,383 [INFO] vcham.lvc: Step 3200, Loss: 0.003543
2025-06-12 14:56:06,481 [INFO] vcham.lvc: Step 3300, Loss: 0.003543
2025-06-12 14:56:06,578 [INFO] vcham.lvc: Step 3400, Loss: 0.003543
2025-06-12 14:56:06,676 [INFO] vcham.lvc: Step 3500, Loss: 0.003543
2025-06-12 14:56:06,774 [INFO] vcham.lvc: Step 3600, Loss: 0.003543
2025-06-12 14:56:06,872 [INFO] vcham.lvc: Step 3700, Loss: 0.003543
2025-06-12 14:56:06,971 [INFO] vcham.lvc: Step 3800, Loss: 0.003544
2025-06-12 14:56:07,069 [INFO] vcham.lvc: Step 3900, Loss: 0.003543
2025-06-12 14:56:07,167 [INFO] vcham.lvc: Step 4000, Loss: 0.003543
2025-06-12 14:56:07,266 [INFO] vcham.lvc: Step 4100, Loss: 0.003543
2025-06-12 14:56:07,364 [INFO] vcham.lvc: Step 4200, Loss: 0.003543
2025-06-12 14:56:07,462 [INFO] vcham.lvc: Step 4300, Loss: 0.003543
2025-06-12 14:56:07,561 [INFO] vcham.lvc: Step 4400, Loss: 0.003544
2025-06-12 14:56:07,659 [INFO] vcham.lvc: Step 4500, Loss: 0.003544
2025-06-12 14:56:07,758 [INFO] vcham.lvc: Step 4600, Loss: 0.003544
2025-06-12 14:56:07,857 [INFO] vcham.lvc: Step 4700, Loss: 0.003543
2025-06-12 14:56:07,955 [INFO] vcham.lvc: Step 4800, Loss: 0.003544
2025-06-12 14:56:08,053 [INFO] vcham.lvc: Step 4900, Loss: 0.003543
2025-06-12 14:56:08,151 [INFO] vcham.lvc: Step 5000, Loss: 0.003543
2025-06-12 14:56:08,250 [INFO] vcham.lvc: Step 5100, Loss: 0.003544
2025-06-12 14:56:08,348 [INFO] vcham.lvc: Step 5200, Loss: 0.003544
2025-06-12 14:56:08,446 [INFO] vcham.lvc: Step 5300, Loss: 0.003544
2025-06-12 14:56:08,544 [INFO] vcham.lvc: Step 5400, Loss: 0.003544
2025-06-12 14:56:08,642 [INFO] vcham.lvc: Step 5500, Loss: 0.003543
2025-06-12 14:56:08,740 [INFO] vcham.lvc: Step 5600, Loss: 0.003544
2025-06-12 14:56:08,839 [INFO] vcham.lvc: Step 5700, Loss: 0.003543
2025-06-12 14:56:08,937 [INFO] vcham.lvc: Step 5800, Loss: 0.003543
2025-06-12 14:56:09,034 [INFO] vcham.lvc: Step 5900, Loss: 0.003543
2025-06-12 14:56:09,444 [INFO] vcham.lvc: Final loss: 0.003551
2025-06-12 14:56:09,444 [INFO] vcham.lvc: Optimization completed in 6.70 seconds.
2025-06-12 14:56:09,447 [INFO] vcham.lvc: 

----- Initializing LVC Hamiltonian Builder -----
2025-06-12 14:56:09,447 [INFO] vcham.lvc: Normal mode: 2
2025-06-12 14:56:09,450 [INFO] vcham.lvc: JT off-diagonal pairs: []
2025-06-12 14:56:09,451 [INFO] vcham.lvc: n_var_list (non-JT): [2, 2, 2, 2, 2, 2, 2, 2, 2]
2025-06-12 14:56:09,452 [INFO] vcham.lvc: Total parameters to optimize: 26
2025-06-12 14:56:09,452 [INFO] vcham.lvc: Optimizing mode 2...
2025-06-12 14:56:10,209 [INFO] vcham.lvc: Step 0, Loss: 0.028475
2025-06-12 14:56:10,318 [INFO] vcham.lvc: Step 100, Loss: 0.005885
2025-06-12 14:56:10,414 [INFO] vcham.lvc: Step 200, Loss: 0.004357
2025-06-12 14:56:10,509 [INFO] vcham.lvc: Step 300, Loss: 0.003656
2025-06-12 14:56:10,602 [INFO] vcham.lvc: Step 400, Loss: 0.003407
2025-06-12 14:56:10,698 [INFO] vcham.lvc: Step 500, Loss: 0.003334
2025-06-12 14:56:10,793 [INFO] vcham.lvc: Step 600, Loss: 0.003320
2025-06-12 14:56:10,888 [INFO] vcham.lvc: Step 700, Loss: 0.003317
2025-06-12 14:56:10,984 [INFO] vcham.lvc: Step 800, Loss: 0.003317
2025-06-12 14:56:11,079 [INFO] vcham.lvc: Step 900, Loss: 0.003317
2025-06-12 14:56:11,174 [INFO] vcham.lvc: Step 1000, Loss: 0.003315
2025-06-12 14:56:11,270 [INFO] vcham.lvc: Step 1100, Loss: 0.003316
2025-06-12 14:56:11,364 [INFO] vcham.lvc: Step 1200, Loss: 0.003316
2025-06-12 14:56:11,460 [INFO] vcham.lvc: Step 1300, Loss: 0.003315
2025-06-12 14:56:11,556 [INFO] vcham.lvc: Step 1400, Loss: 0.003315
2025-06-12 14:56:11,652 [INFO] vcham.lvc: Step 1500, Loss: 0.003315
2025-06-12 14:56:11,747 [INFO] vcham.lvc: Step 1600, Loss: 0.003314
2025-06-12 14:56:11,843 [INFO] vcham.lvc: Step 1700, Loss: 0.003313
2025-06-12 14:56:11,939 [INFO] vcham.lvc: Step 1800, Loss: 0.003314
2025-06-12 14:56:12,034 [INFO] vcham.lvc: Step 1900, Loss: 0.003313
2025-06-12 14:56:12,129 [INFO] vcham.lvc: Step 2000, Loss: 0.003312
2025-06-12 14:56:12,224 [INFO] vcham.lvc: Step 2100, Loss: 0.003312
2025-06-12 14:56:12,320 [INFO] vcham.lvc: Step 2200, Loss: 0.003312
2025-06-12 14:56:12,414 [INFO] vcham.lvc: Step 2300, Loss: 0.003311
2025-06-12 14:56:12,510 [INFO] vcham.lvc: Step 2400, Loss: 0.003311
2025-06-12 14:56:12,605 [INFO] vcham.lvc: Step 2500, Loss: 0.003311
2025-06-12 14:56:12,701 [INFO] vcham.lvc: Step 2600, Loss: 0.003312
2025-06-12 14:56:12,796 [INFO] vcham.lvc: Step 2700, Loss: 0.003311
2025-06-12 14:56:12,891 [INFO] vcham.lvc: Step 2800, Loss: 0.003311
2025-06-12 14:56:12,987 [INFO] vcham.lvc: Step 2900, Loss: 0.003312
2025-06-12 14:56:13,083 [INFO] vcham.lvc: Step 3000, Loss: 0.003312
2025-06-12 14:56:13,178 [INFO] vcham.lvc: Step 3100, Loss: 0.003312
2025-06-12 14:56:13,274 [INFO] vcham.lvc: Step 3200, Loss: 0.003312
2025-06-12 14:56:13,368 [INFO] vcham.lvc: Step 3300, Loss: 0.003312
2025-06-12 14:56:13,464 [INFO] vcham.lvc: Step 3400, Loss: 0.003312
2025-06-12 14:56:13,579 [INFO] vcham.lvc: Step 3500, Loss: 0.003312
2025-06-12 14:56:13,676 [INFO] vcham.lvc: Step 3600, Loss: 0.003312
2025-06-12 14:56:13,771 [INFO] vcham.lvc: Step 3700, Loss: 0.003311
2025-06-12 14:56:13,867 [INFO] vcham.lvc: Step 3800, Loss: 0.003311
2025-06-12 14:56:13,962 [INFO] vcham.lvc: Step 3900, Loss: 0.003311
2025-06-12 14:56:14,057 [INFO] vcham.lvc: Step 4000, Loss: 0.003312
2025-06-12 14:56:14,157 [INFO] vcham.lvc: Step 4100, Loss: 0.003311
2025-06-12 14:56:14,252 [INFO] vcham.lvc: Step 4200, Loss: 0.003311
2025-06-12 14:56:14,347 [INFO] vcham.lvc: Step 4300, Loss: 0.003312
2025-06-12 14:56:14,443 [INFO] vcham.lvc: Step 4400, Loss: 0.003311
2025-06-12 14:56:14,538 [INFO] vcham.lvc: Step 4500, Loss: 0.003312
2025-06-12 14:56:14,634 [INFO] vcham.lvc: Step 4600, Loss: 0.003311
2025-06-12 14:56:14,728 [INFO] vcham.lvc: Step 4700, Loss: 0.003312
2025-06-12 14:56:14,823 [INFO] vcham.lvc: Step 4800, Loss: 0.003311
2025-06-12 14:56:14,919 [INFO] vcham.lvc: Step 4900, Loss: 0.003311
2025-06-12 14:56:15,014 [INFO] vcham.lvc: Step 5000, Loss: 0.003311
2025-06-12 14:56:15,111 [INFO] vcham.lvc: Step 5100, Loss: 0.003311
2025-06-12 14:56:15,206 [INFO] vcham.lvc: Step 5200, Loss: 0.003311
2025-06-12 14:56:15,301 [INFO] vcham.lvc: Step 5300, Loss: 0.003311
2025-06-12 14:56:15,395 [INFO] vcham.lvc: Step 5400, Loss: 0.003311
2025-06-12 14:56:15,491 [INFO] vcham.lvc: Step 5500, Loss: 0.003311
2025-06-12 14:56:15,587 [INFO] vcham.lvc: Step 5600, Loss: 0.003311
2025-06-12 14:56:15,682 [INFO] vcham.lvc: Step 5700, Loss: 0.003311
2025-06-12 14:56:15,778 [INFO] vcham.lvc: Step 5800, Loss: 0.003311
2025-06-12 14:56:15,874 [INFO] vcham.lvc: Step 5900, Loss: 0.003311
2025-06-12 14:56:16,339 [INFO] vcham.lvc: Final loss: 0.003310
2025-06-12 14:56:16,339 [INFO] vcham.lvc: Optimization completed in 6.52 seconds.
2025-06-12 14:56:16,342 [INFO] vcham.lvc: 

----- Initializing LVC Hamiltonian Builder -----
2025-06-12 14:56:16,342 [INFO] vcham.lvc: Normal mode: 3
2025-06-12 14:56:16,346 [INFO] vcham.lvc: JT off-diagonal pairs: []
2025-06-12 14:56:16,346 [INFO] vcham.lvc: n_var_list (non-JT): [2, 2, 2, 2, 2, 2, 2, 2, 2]
2025-06-12 14:56:16,347 [INFO] vcham.lvc: Total parameters to optimize: 26
2025-06-12 14:56:16,347 [INFO] vcham.lvc: Optimizing mode 3...
2025-06-12 14:56:17,111 [INFO] vcham.lvc: Step 0, Loss: 0.514786
2025-06-12 14:56:17,225 [INFO] vcham.lvc: Step 100, Loss: 0.020042
2025-06-12 14:56:17,324 [INFO] vcham.lvc: Step 200, Loss: 0.012371
2025-06-12 14:56:17,423 [INFO] vcham.lvc: Step 300, Loss: 0.007689
2025-06-12 14:56:17,521 [INFO] vcham.lvc: Step 400, Loss: 0.005314
2025-06-12 14:56:17,618 [INFO] vcham.lvc: Step 500, Loss: 0.004310
2025-06-12 14:56:17,716 [INFO] vcham.lvc: Step 600, Loss: 0.003859
2025-06-12 14:56:17,815 [INFO] vcham.lvc: Step 700, Loss: 0.003679
2025-06-12 14:56:17,914 [INFO] vcham.lvc: Step 800, Loss: 0.003606
2025-06-12 14:56:18,011 [INFO] vcham.lvc: Step 900, Loss: 0.003576
2025-06-12 14:56:18,109 [INFO] vcham.lvc: Step 1000, Loss: 0.003559
2025-06-12 14:56:18,207 [INFO] vcham.lvc: Step 1100, Loss: 0.003552
2025-06-12 14:56:18,305 [INFO] vcham.lvc: Step 1200, Loss: 0.003544
2025-06-12 14:56:18,403 [INFO] vcham.lvc: Step 1300, Loss: 0.003540
2025-06-12 14:56:18,501 [INFO] vcham.lvc: Step 1400, Loss: 0.003534
2025-06-12 14:56:18,599 [INFO] vcham.lvc: Step 1500, Loss: 0.003530
2025-06-12 14:56:18,696 [INFO] vcham.lvc: Step 1600, Loss: 0.003525
2025-06-12 14:56:18,793 [INFO] vcham.lvc: Step 1700, Loss: 0.003522
2025-06-12 14:56:18,891 [INFO] vcham.lvc: Step 1800, Loss: 0.003519
2025-06-12 14:56:18,987 [INFO] vcham.lvc: Step 1900, Loss: 0.003515
2025-06-12 14:56:19,085 [INFO] vcham.lvc: Step 2000, Loss: 0.003512
2025-06-12 14:56:19,181 [INFO] vcham.lvc: Step 2100, Loss: 0.003510
2025-06-12 14:56:19,278 [INFO] vcham.lvc: Step 2200, Loss: 0.003507
2025-06-12 14:56:19,374 [INFO] vcham.lvc: Step 2300, Loss: 0.003504
2025-06-12 14:56:19,471 [INFO] vcham.lvc: Step 2400, Loss: 0.003502
2025-06-12 14:56:19,567 [INFO] vcham.lvc: Step 2500, Loss: 0.003500
2025-06-12 14:56:19,663 [INFO] vcham.lvc: Step 2600, Loss: 0.003499
2025-06-12 14:56:19,760 [INFO] vcham.lvc: Step 2700, Loss: 0.003499
2025-06-12 14:56:19,856 [INFO] vcham.lvc: Step 2800, Loss: 0.003497
2025-06-12 14:56:19,953 [INFO] vcham.lvc: Step 2900, Loss: 0.003495
2025-06-12 14:56:20,050 [INFO] vcham.lvc: Step 3000, Loss: 0.003495
2025-06-12 14:56:20,146 [INFO] vcham.lvc: Step 3100, Loss: 0.003494
2025-06-12 14:56:20,242 [INFO] vcham.lvc: Step 3200, Loss: 0.003494
2025-06-12 14:56:20,338 [INFO] vcham.lvc: Step 3300, Loss: 0.003492
2025-06-12 14:56:20,433 [INFO] vcham.lvc: Step 3400, Loss: 0.003493
2025-06-12 14:56:20,529 [INFO] vcham.lvc: Step 3500, Loss: 0.003493
2025-06-12 14:56:20,626 [INFO] vcham.lvc: Step 3600, Loss: 0.003493
2025-06-12 14:56:20,722 [INFO] vcham.lvc: Step 3700, Loss: 0.003492
2025-06-12 14:56:20,819 [INFO] vcham.lvc: Step 3800, Loss: 0.003492
2025-06-12 14:56:20,915 [INFO] vcham.lvc: Step 3900, Loss: 0.003492
2025-06-12 14:56:21,010 [INFO] vcham.lvc: Step 4000, Loss: 0.003491
2025-06-12 14:56:21,107 [INFO] vcham.lvc: Step 4100, Loss: 0.003492
2025-06-12 14:56:21,204 [INFO] vcham.lvc: Step 4200, Loss: 0.003491
2025-06-12 14:56:21,299 [INFO] vcham.lvc: Step 4300, Loss: 0.003491
2025-06-12 14:56:21,396 [INFO] vcham.lvc: Step 4400, Loss: 0.003491
2025-06-12 14:56:21,492 [INFO] vcham.lvc: Step 4500, Loss: 0.003491
2025-06-12 14:56:21,589 [INFO] vcham.lvc: Step 4600, Loss: 0.003491
2025-06-12 14:56:21,686 [INFO] vcham.lvc: Step 4700, Loss: 0.003490
2025-06-12 14:56:21,783 [INFO] vcham.lvc: Step 4800, Loss: 0.003491
2025-06-12 14:56:21,880 [INFO] vcham.lvc: Step 4900, Loss: 0.003491
2025-06-12 14:56:21,977 [INFO] vcham.lvc: Step 5000, Loss: 0.003489
2025-06-12 14:56:22,074 [INFO] vcham.lvc: Step 5100, Loss: 0.003489
2025-06-12 14:56:22,189 [INFO] vcham.lvc: Step 5200, Loss: 0.003490
2025-06-12 14:56:22,286 [INFO] vcham.lvc: Step 5300, Loss: 0.003489
2025-06-12 14:56:22,384 [INFO] vcham.lvc: Step 5400, Loss: 0.003490
2025-06-12 14:56:22,481 [INFO] vcham.lvc: Step 5500, Loss: 0.003489
2025-06-12 14:56:22,578 [INFO] vcham.lvc: Step 5600, Loss: 0.003489
2025-06-12 14:56:22,675 [INFO] vcham.lvc: Step 5700, Loss: 0.003489
2025-06-12 14:56:22,772 [INFO] vcham.lvc: Step 5800, Loss: 0.003489
2025-06-12 14:56:22,870 [INFO] vcham.lvc: Step 5900, Loss: 0.003489
2025-06-12 14:56:23,282 [INFO] vcham.lvc: Final loss: 0.003492
2025-06-12 14:56:23,282 [INFO] vcham.lvc: Optimization completed in 6.62 seconds.
2025-06-12 14:56:23,284 [INFO] vcham.lvc: 

----- Initializing LVC Hamiltonian Builder -----
2025-06-12 14:56:23,285 [INFO] vcham.lvc: Normal mode: 4
2025-06-12 14:56:23,288 [INFO] vcham.lvc: JT off-diagonal pairs: []
2025-06-12 14:56:23,288 [INFO] vcham.lvc: n_var_list (non-JT): [3, 3, 3, 3, 3, 3, 3, 3, 3]
2025-06-12 14:56:23,291 [INFO] vcham.lvc: Total parameters to optimize: 27
2025-06-12 14:56:23,291 [INFO] vcham.lvc: Optimizing mode 4...
2025-06-12 14:56:23,955 [INFO] vcham.lvc: Step 0, Loss: 0.284269
2025-06-12 14:56:24,064 [INFO] vcham.lvc: Step 100, Loss: 0.040995
2025-06-12 14:56:24,166 [INFO] vcham.lvc: Step 200, Loss: 0.040229
2025-06-12 14:56:24,267 [INFO] vcham.lvc: Step 300, Loss: 0.039594
2025-06-12 14:56:24,366 [INFO] vcham.lvc: Step 400, Loss: 0.039090
2025-06-12 14:56:24,466 [INFO] vcham.lvc: Step 500, Loss: 0.038665
2025-06-12 14:56:24,565 [INFO] vcham.lvc: Step 600, Loss: 0.038309
2025-06-12 14:56:24,665 [INFO] vcham.lvc: Step 700, Loss: 0.038009
2025-06-12 14:56:24,765 [INFO] vcham.lvc: Step 800, Loss: 0.037731
2025-06-12 14:56:24,864 [INFO] vcham.lvc: Step 900, Loss: 0.037483
2025-06-12 14:56:24,965 [INFO] vcham.lvc: Step 1000, Loss: 0.037222
2025-06-12 14:56:25,064 [INFO] vcham.lvc: Step 1100, Loss: 0.036999
2025-06-12 14:56:25,163 [INFO] vcham.lvc: Step 1200, Loss: 0.036778
2025-06-12 14:56:25,261 [INFO] vcham.lvc: Step 1300, Loss: 0.036577
2025-06-12 14:56:25,361 [INFO] vcham.lvc: Step 1400, Loss: 0.036389
2025-06-12 14:56:25,461 [INFO] vcham.lvc: Step 1500, Loss: 0.036230
2025-06-12 14:56:25,561 [INFO] vcham.lvc: Step 1600, Loss: 0.036030
2025-06-12 14:56:25,661 [INFO] vcham.lvc: Step 1700, Loss: 0.035846
2025-06-12 14:56:25,761 [INFO] vcham.lvc: Step 1800, Loss: 0.035695
2025-06-12 14:56:25,860 [INFO] vcham.lvc: Step 1900, Loss: 0.035556
2025-06-12 14:56:25,960 [INFO] vcham.lvc: Step 2000, Loss: 0.035285
2025-06-12 14:56:26,060 [INFO] vcham.lvc: Step 2100, Loss: 0.035089
2025-06-12 14:56:26,160 [INFO] vcham.lvc: Step 2200, Loss: 0.034922
2025-06-12 14:56:26,258 [INFO] vcham.lvc: Step 2300, Loss: 0.034730
2025-06-12 14:56:26,358 [INFO] vcham.lvc: Step 2400, Loss: 0.034494
2025-06-12 14:56:26,458 [INFO] vcham.lvc: Step 2500, Loss: 0.031965
2025-06-12 14:56:26,558 [INFO] vcham.lvc: Step 2600, Loss: 0.031456
2025-06-12 14:56:26,657 [INFO] vcham.lvc: Step 2700, Loss: 0.031120
2025-06-12 14:56:26,756 [INFO] vcham.lvc: Step 2800, Loss: 0.030841
2025-06-12 14:56:26,855 [INFO] vcham.lvc: Step 2900, Loss: 0.030615
2025-06-12 14:56:26,954 [INFO] vcham.lvc: Step 3000, Loss: 0.030418
2025-06-12 14:56:27,054 [INFO] vcham.lvc: Step 3100, Loss: 0.030246
2025-06-12 14:56:27,153 [INFO] vcham.lvc: Step 3200, Loss: 0.030085
2025-06-12 14:56:27,252 [INFO] vcham.lvc: Step 3300, Loss: 0.029935
2025-06-12 14:56:27,352 [INFO] vcham.lvc: Step 3400, Loss: 0.029793
2025-06-12 14:56:27,450 [INFO] vcham.lvc: Step 3500, Loss: 0.029658
2025-06-12 14:56:27,550 [INFO] vcham.lvc: Step 3600, Loss: 0.029524
2025-06-12 14:56:27,649 [INFO] vcham.lvc: Step 3700, Loss: 0.029403
2025-06-12 14:56:27,749 [INFO] vcham.lvc: Step 3800, Loss: 0.029277
2025-06-12 14:56:27,848 [INFO] vcham.lvc: Step 3900, Loss: 0.029159
2025-06-12 14:56:27,947 [INFO] vcham.lvc: Step 4000, Loss: 0.029044
2025-06-12 14:56:28,047 [INFO] vcham.lvc: Step 4100, Loss: 0.028924
2025-06-12 14:56:28,146 [INFO] vcham.lvc: Step 4200, Loss: 0.028815
2025-06-12 14:56:28,246 [INFO] vcham.lvc: Step 4300, Loss: 0.028728
2025-06-12 14:56:28,345 [INFO] vcham.lvc: Step 4400, Loss: 0.028611
2025-06-12 14:56:28,445 [INFO] vcham.lvc: Step 4500, Loss: 0.028472
2025-06-12 14:56:28,544 [INFO] vcham.lvc: Step 4600, Loss: 0.028368
2025-06-12 14:56:28,643 [INFO] vcham.lvc: Step 4700, Loss: 0.028273
2025-06-12 14:56:28,743 [INFO] vcham.lvc: Step 4800, Loss: 0.028180
2025-06-12 14:56:28,842 [INFO] vcham.lvc: Step 4900, Loss: 0.028090
2025-06-12 14:56:28,942 [INFO] vcham.lvc: Step 5000, Loss: 0.028002
2025-06-12 14:56:29,041 [INFO] vcham.lvc: Step 5100, Loss: 0.027945
2025-06-12 14:56:29,141 [INFO] vcham.lvc: Step 5200, Loss: 0.027833
2025-06-12 14:56:29,241 [INFO] vcham.lvc: Step 5300, Loss: 0.027750
2025-06-12 14:56:29,340 [INFO] vcham.lvc: Step 5400, Loss: 0.027670
2025-06-12 14:56:29,440 [INFO] vcham.lvc: Step 5500, Loss: 0.027593
2025-06-12 14:56:29,539 [INFO] vcham.lvc: Step 5600, Loss: 0.027516
2025-06-12 14:56:29,640 [INFO] vcham.lvc: Step 5700, Loss: 0.027441
2025-06-12 14:56:29,740 [INFO] vcham.lvc: Step 5800, Loss: 0.027368
2025-06-12 14:56:29,840 [INFO] vcham.lvc: Step 5900, Loss: 0.027314
2025-06-12 14:56:30,232 [INFO] vcham.lvc: Final loss: 0.027242
2025-06-12 14:56:30,232 [INFO] vcham.lvc: Optimization completed in 6.65 seconds.
2025-06-12 14:56:30,235 [INFO] vcham.lvc: 

----- Initializing LVC Hamiltonian Builder -----
2025-06-12 14:56:30,235 [INFO] vcham.lvc: Normal mode: 5
2025-06-12 14:56:30,239 [INFO] vcham.lvc: JT off-diagonal pairs: []
2025-06-12 14:56:30,239 [INFO] vcham.lvc: n_var_list (non-JT): [3, 3, 3, 3, 3, 3, 3, 3, 3]
2025-06-12 14:56:30,240 [INFO] vcham.lvc: Total parameters to optimize: 27
2025-06-12 14:56:30,240 [INFO] vcham.lvc: Optimizing mode 5...
2025-06-12 14:56:30,961 [INFO] vcham.lvc: Step 0, Loss: 0.132102
2025-06-12 14:56:31,076 [INFO] vcham.lvc: Step 100, Loss: 0.070897
2025-06-12 14:56:31,183 [INFO] vcham.lvc: Step 200, Loss: 0.067866
2025-06-12 14:56:31,289 [INFO] vcham.lvc: Step 300, Loss: 0.066801
2025-06-12 14:56:31,394 [INFO] vcham.lvc: Step 400, Loss: 0.064604
2025-06-12 14:56:31,500 [INFO] vcham.lvc: Step 500, Loss: 0.063361
2025-06-12 14:56:31,604 [INFO] vcham.lvc: Step 600, Loss: 0.062978
2025-06-12 14:56:31,712 [INFO] vcham.lvc: Step 700, Loss: 0.062908
2025-06-12 14:56:31,819 [INFO] vcham.lvc: Step 800, Loss: 0.062871
2025-06-12 14:56:31,926 [INFO] vcham.lvc: Step 900, Loss: 0.062797
2025-06-12 14:56:32,033 [INFO] vcham.lvc: Step 1000, Loss: 0.062750
2025-06-12 14:56:32,138 [INFO] vcham.lvc: Step 1100, Loss: 0.062450
2025-06-12 14:56:32,264 [INFO] vcham.lvc: Step 1200, Loss: 0.062366
2025-06-12 14:56:32,371 [INFO] vcham.lvc: Step 1300, Loss: 0.062225
2025-06-12 14:56:32,477 [INFO] vcham.lvc: Step 1400, Loss: 0.062299
2025-06-12 14:56:32,583 [INFO] vcham.lvc: Step 1500, Loss: 0.062172
2025-06-12 14:56:32,689 [INFO] vcham.lvc: Step 1600, Loss: 0.062189
2025-06-12 14:56:32,795 [INFO] vcham.lvc: Step 1700, Loss: 0.062128
2025-06-12 14:56:32,900 [INFO] vcham.lvc: Step 1800, Loss: 0.062597
2025-06-12 14:56:33,005 [INFO] vcham.lvc: Step 1900, Loss: 0.061772
2025-06-12 14:56:33,112 [INFO] vcham.lvc: Step 2000, Loss: 0.061781
2025-06-12 14:56:33,217 [INFO] vcham.lvc: Step 2100, Loss: 0.062165
2025-06-12 14:56:33,323 [INFO] vcham.lvc: Step 2200, Loss: 0.061773
2025-06-12 14:56:33,428 [INFO] vcham.lvc: Step 2300, Loss: 0.062018
2025-06-12 14:56:33,535 [INFO] vcham.lvc: Step 2400, Loss: 0.061617
2025-06-12 14:56:33,640 [INFO] vcham.lvc: Step 2500, Loss: 0.061648
2025-06-12 14:56:33,745 [INFO] vcham.lvc: Step 2600, Loss: 0.061407
2025-06-12 14:56:33,851 [INFO] vcham.lvc: Step 2700, Loss: 0.061307
2025-06-12 14:56:33,957 [INFO] vcham.lvc: Step 2800, Loss: 0.061317
2025-06-12 14:56:34,063 [INFO] vcham.lvc: Step 2900, Loss: 0.061090
2025-06-12 14:56:34,169 [INFO] vcham.lvc: Step 3000, Loss: 0.061155
2025-06-12 14:56:34,274 [INFO] vcham.lvc: Step 3100, Loss: 0.061046
2025-06-12 14:56:34,380 [INFO] vcham.lvc: Step 3200, Loss: 0.061037
2025-06-12 14:56:34,485 [INFO] vcham.lvc: Step 3300, Loss: 0.060933
2025-06-12 14:56:34,591 [INFO] vcham.lvc: Step 3400, Loss: 0.060864
2025-06-12 14:56:34,697 [INFO] vcham.lvc: Step 3500, Loss: 0.060863
2025-06-12 14:56:34,804 [INFO] vcham.lvc: Step 3600, Loss: 0.060724
2025-06-12 14:56:34,909 [INFO] vcham.lvc: Step 3700, Loss: 0.060676
2025-06-12 14:56:35,016 [INFO] vcham.lvc: Step 3800, Loss: 0.060621
2025-06-12 14:56:35,122 [INFO] vcham.lvc: Step 3900, Loss: 0.060571
2025-06-12 14:56:35,227 [INFO] vcham.lvc: Step 4000, Loss: 0.060577
2025-06-12 14:56:35,333 [INFO] vcham.lvc: Step 4100, Loss: 0.060587
2025-06-12 14:56:35,439 [INFO] vcham.lvc: Step 4200, Loss: 0.060491
2025-06-12 14:56:35,545 [INFO] vcham.lvc: Step 4300, Loss: 0.060709
2025-06-12 14:56:35,651 [INFO] vcham.lvc: Step 4400, Loss: 0.061291
2025-06-12 14:56:35,758 [INFO] vcham.lvc: Step 4500, Loss: 0.060314
2025-06-12 14:56:35,865 [INFO] vcham.lvc: Step 4600, Loss: 0.060458
2025-06-12 14:56:35,971 [INFO] vcham.lvc: Step 4700, Loss: 0.060230
2025-06-12 14:56:36,076 [INFO] vcham.lvc: Step 4800, Loss: 0.060147
2025-06-12 14:56:36,182 [INFO] vcham.lvc: Step 4900, Loss: 0.060040
2025-06-12 14:56:36,287 [INFO] vcham.lvc: Step 5000, Loss: 0.059963
2025-06-12 14:56:36,393 [INFO] vcham.lvc: Step 5100, Loss: 0.059902
2025-06-12 14:56:36,499 [INFO] vcham.lvc: Step 5200, Loss: 0.060032
2025-06-12 14:56:36,605 [INFO] vcham.lvc: Step 5300, Loss: 0.059900
2025-06-12 14:56:36,711 [INFO] vcham.lvc: Step 5400, Loss: 0.060189
2025-06-12 14:56:36,817 [INFO] vcham.lvc: Step 5500, Loss: 0.060086
2025-06-12 14:56:36,921 [INFO] vcham.lvc: Step 5600, Loss: 0.059743
2025-06-12 14:56:37,028 [INFO] vcham.lvc: Step 5700, Loss: 0.059792
2025-06-12 14:56:37,134 [INFO] vcham.lvc: Step 5800, Loss: 0.059586
2025-06-12 14:56:37,240 [INFO] vcham.lvc: Step 5900, Loss: 0.059550
2025-06-12 14:56:37,695 [INFO] vcham.lvc: Final loss: 0.059450
2025-06-12 14:56:37,695 [INFO] vcham.lvc: Optimization completed in 7.10 seconds.
2025-06-12 14:56:37,697 [INFO] vcham.lvc: 

----- Initializing LVC Hamiltonian Builder -----
2025-06-12 14:56:37,697 [INFO] vcham.lvc: Normal mode: 6
2025-06-12 14:56:37,701 [INFO] vcham.lvc: JT off-diagonal pairs: []
2025-06-12 14:56:37,701 [INFO] vcham.lvc: n_var_list (non-JT): [3, 3, 3, 3, 3, 3, 3, 3, 3]
2025-06-12 14:56:37,702 [INFO] vcham.lvc: Total parameters to optimize: 27
2025-06-12 14:56:37,703 [INFO] vcham.lvc: Optimizing mode 6...
2025-06-12 14:56:38,367 [INFO] vcham.lvc: Step 0, Loss: 0.353647
2025-06-12 14:56:38,473 [INFO] vcham.lvc: Step 100, Loss: 0.095002
2025-06-12 14:56:38,567 [INFO] vcham.lvc: Step 200, Loss: 0.092696
2025-06-12 14:56:38,662 [INFO] vcham.lvc: Step 300, Loss: 0.091866
2025-06-12 14:56:38,757 [INFO] vcham.lvc: Step 400, Loss: 0.091079
2025-06-12 14:56:38,853 [INFO] vcham.lvc: Step 500, Loss: 0.090573
2025-06-12 14:56:38,947 [INFO] vcham.lvc: Step 600, Loss: 0.090255
2025-06-12 14:56:39,041 [INFO] vcham.lvc: Step 700, Loss: 0.089822
2025-06-12 14:56:39,136 [INFO] vcham.lvc: Step 800, Loss: 0.089513
2025-06-12 14:56:39,231 [INFO] vcham.lvc: Step 900, Loss: 0.089226
2025-06-12 14:56:39,325 [INFO] vcham.lvc: Step 1000, Loss: 0.088997
2025-06-12 14:56:39,419 [INFO] vcham.lvc: Step 1100, Loss: 0.088783
2025-06-12 14:56:39,516 [INFO] vcham.lvc: Step 1200, Loss: 0.088624
2025-06-12 14:56:39,613 [INFO] vcham.lvc: Step 1300, Loss: 0.088486
2025-06-12 14:56:39,709 [INFO] vcham.lvc: Step 1400, Loss: 0.088375
2025-06-12 14:56:39,806 [INFO] vcham.lvc: Step 1500, Loss: 0.088297
2025-06-12 14:56:39,903 [INFO] vcham.lvc: Step 1600, Loss: 0.088083
2025-06-12 14:56:40,000 [INFO] vcham.lvc: Step 1700, Loss: 0.087595
2025-06-12 14:56:40,097 [INFO] vcham.lvc: Step 1800, Loss: 0.087545
2025-06-12 14:56:40,193 [INFO] vcham.lvc: Step 1900, Loss: 0.087503
2025-06-12 14:56:40,290 [INFO] vcham.lvc: Step 2000, Loss: 0.087476
2025-06-12 14:56:40,386 [INFO] vcham.lvc: Step 2100, Loss: 0.087472
2025-06-12 14:56:40,482 [INFO] vcham.lvc: Step 2200, Loss: 0.087468
2025-06-12 14:56:40,578 [INFO] vcham.lvc: Step 2300, Loss: 0.087441
2025-06-12 14:56:40,675 [INFO] vcham.lvc: Step 2400, Loss: 0.087431
2025-06-12 14:56:40,771 [INFO] vcham.lvc: Step 2500, Loss: 0.087408
2025-06-12 14:56:40,867 [INFO] vcham.lvc: Step 2600, Loss: 0.087404
2025-06-12 14:56:40,964 [INFO] vcham.lvc: Step 2700, Loss: 0.087404
2025-06-12 14:56:41,060 [INFO] vcham.lvc: Step 2800, Loss: 0.087423
2025-06-12 14:56:41,156 [INFO] vcham.lvc: Step 2900, Loss: 0.087401
2025-06-12 14:56:41,271 [INFO] vcham.lvc: Step 3000, Loss: 0.087388
2025-06-12 14:56:41,369 [INFO] vcham.lvc: Step 3100, Loss: 0.087397
2025-06-12 14:56:41,466 [INFO] vcham.lvc: Step 3200, Loss: 0.087397
2025-06-12 14:56:41,562 [INFO] vcham.lvc: Step 3300, Loss: 0.087440
2025-06-12 14:56:41,658 [INFO] vcham.lvc: Step 3400, Loss: 0.087391
2025-06-12 14:56:41,755 [INFO] vcham.lvc: Step 3500, Loss: 0.087391
2025-06-12 14:56:41,851 [INFO] vcham.lvc: Step 3600, Loss: 0.087385
2025-06-12 14:56:41,948 [INFO] vcham.lvc: Step 3700, Loss: 0.087424
2025-06-12 14:56:42,044 [INFO] vcham.lvc: Step 3800, Loss: 0.087419
2025-06-12 14:56:42,140 [INFO] vcham.lvc: Step 3900, Loss: 0.087393
2025-06-12 14:56:42,234 [INFO] vcham.lvc: Step 4000, Loss: 0.087397
2025-06-12 14:56:42,330 [INFO] vcham.lvc: Step 4100, Loss: 0.087416
2025-06-12 14:56:42,427 [INFO] vcham.lvc: Step 4200, Loss: 0.087395
2025-06-12 14:56:42,523 [INFO] vcham.lvc: Step 4300, Loss: 0.087430
2025-06-12 14:56:42,620 [INFO] vcham.lvc: Step 4400, Loss: 0.087390
2025-06-12 14:56:42,717 [INFO] vcham.lvc: Step 4500, Loss: 0.087376
2025-06-12 14:56:42,813 [INFO] vcham.lvc: Step 4600, Loss: 0.087437
2025-06-12 14:56:42,910 [INFO] vcham.lvc: Step 4700, Loss: 0.087396
2025-06-12 14:56:43,006 [INFO] vcham.lvc: Step 4800, Loss: 0.087400
2025-06-12 14:56:43,103 [INFO] vcham.lvc: Step 4900, Loss: 0.087388
2025-06-12 14:56:43,199 [INFO] vcham.lvc: Step 5000, Loss: 0.087419
2025-06-12 14:56:43,296 [INFO] vcham.lvc: Step 5100, Loss: 0.087430
2025-06-12 14:56:43,392 [INFO] vcham.lvc: Step 5200, Loss: 0.087390
2025-06-12 14:56:43,489 [INFO] vcham.lvc: Step 5300, Loss: 0.087381
2025-06-12 14:56:43,586 [INFO] vcham.lvc: Step 5400, Loss: 0.087389
2025-06-12 14:56:43,682 [INFO] vcham.lvc: Step 5500, Loss: 0.087422
2025-06-12 14:56:43,779 [INFO] vcham.lvc: Step 5600, Loss: 0.087421
2025-06-12 14:56:43,875 [INFO] vcham.lvc: Step 5700, Loss: 0.087427
2025-06-12 14:56:43,972 [INFO] vcham.lvc: Step 5800, Loss: 0.087384
2025-06-12 14:56:44,068 [INFO] vcham.lvc: Step 5900, Loss: 0.087452
2025-06-12 14:56:44,456 [INFO] vcham.lvc: Final loss: 0.087373
2025-06-12 14:56:44,456 [INFO] vcham.lvc: Optimization completed in 6.46 seconds.
2025-06-12 15:04:02,245 [INFO] vcham.utils: Warning: Overwriting existing file results/lvc_fcch.json
2025-06-12 15:04:02,248 [INFO] vcham.utils: Data successfully saved to results/lvc_fcch.json
2025-06-12 15:04:02,251 [INFO] vcham.utils: No interactions found.
2025-06-12 15:04:02,251 [INFO] vcham.utils: MCTDH operator file successfully written to: results/fcch.op
